=================
total of classes: 168; total bugs: 286; =================
Test/Train split
train recodes: 228 
test recodes: 58 
result for the vsm
============For top 1 
Precision: 0.051724 
Recall: 0.016379 
fscore: 0.024138 
Top 1 hit: 3
=========================================
For top 2 
Precision: 0.051724 
Recall: 0.032471 
fscore: 0.037685 
Top 2 hit: 6
=========================================
For top 3 
Precision: 0.045977 
Recall: 0.038697 
fscore: 0.039229 
Top 3 hit: 7
=========================================
For top 4 
Precision: 0.051724 
Recall: 0.055651 
fscore: 0.050887 
Top 4 hit: 11
=========================================
For top 5 
Precision: 0.055172 
Recall: 0.073919 
fscore: 0.060400 
Top 5 hit: 15
=========================================
For top 6 
Precision: 0.051724 
Recall: 0.083114 
fscore: 0.061217 
Top 6 hit: 16
=========================================
For top 7 
Precision: 0.056650 
Recall: 0.108976 
fscore: 0.072199 
Top 7 hit: 21
=========================================
For top 8 
Precision: 0.049569 
Recall: 0.108976 
fscore: 0.066069 
Top 8 hit: 21
=========================================
For top 9 
Precision: 0.044061 
Recall: 0.108976 
fscore: 0.060911 
Top 9 hit: 21
=========================================
For top 10 
Precision: 0.044828 
Recall: 0.122934 
fscore: 0.063842 
Top 10 hit: 24
=========================================
For top 11 
Precision: 0.042320 
Recall: 0.127244 
fscore: 0.061846 
Top 11 hit: 25
=========================================
For top 12 
Precision: 0.038793 
Recall: 0.127244 
fscore: 0.057954 
Top 12 hit: 25
=========================================
For top 13 
Precision: 0.038462 
Recall: 0.135003 
fscore: 0.058470 
Top 13 hit: 26
=========================================
For top 14 
Precision: 0.035714 
Recall: 0.135003 
fscore: 0.055215 
Top 14 hit: 26
=========================================
For top 15 
Precision: 0.034483 
Recall: 0.136234 
fscore: 0.053494 
Top 15 hit: 27
=========================================
For top 16 
Precision: 0.032328 
Recall: 0.136234 
fscore: 0.050837 
Top 16 hit: 27
=========================================
For top 17 
Precision: 0.030426 
Recall: 0.136234 
fscore: 0.048434 
Top 17 hit: 27
=========================================
For top 18 
Precision: 0.028736 
Recall: 0.136234 
fscore: 0.046249 
Top 18 hit: 27
=========================================
For top 19 
Precision: 0.027223 
Recall: 0.136234 
fscore: 0.044254 
Top 19 hit: 27
=========================================
For top 20 
Precision: 0.025862 
Recall: 0.136234 
fscore: 0.042425 
Top 20 hit: 27
=========================================
For top 21 
Precision: 0.025452 
Recall: 0.137466 
fscore: 0.041727 
Top 21 hit: 27
=========================================
For top 22 
Precision: 0.024295 
Recall: 0.137466 
fscore: 0.040146 
Top 22 hit: 27
=========================================
For top 23 
Precision: 0.023238 
Recall: 0.137466 
fscore: 0.038681 
Top 23 hit: 27
=========================================
For top 24 
Precision: 0.022270 
Recall: 0.137466 
fscore: 0.037320 
Top 24 hit: 27
=========================================
For top 25 
Precision: 0.022759 
Recall: 0.151834 
fscore: 0.038561 
Top 25 hit: 28
=========================================
For top 26 
Precision: 0.022546 
Recall: 0.155282 
fscore: 0.038401 
Top 26 hit: 28
=========================================
For top 27 
Precision: 0.021711 
Recall: 0.155282 
fscore: 0.037175 
Top 27 hit: 28
=========================================
For top 28 
Precision: 0.020936 
Recall: 0.155282 
fscore: 0.036026 
Top 28 hit: 28
=========================================
For top 29 
Precision: 0.020214 
Recall: 0.155282 
fscore: 0.034946 
Top 29 hit: 28
=========================================
For top 30 
Precision: 0.019540 
Recall: 0.155282 
fscore: 0.033930 
Top 30 hit: 28
=========================================
For top 31 
Precision: 0.018910 
Recall: 0.155282 
fscore: 0.032970 
Top 31 hit: 28
=========================================
For top 32 
Precision: 0.018319 
Recall: 0.155282 
fscore: 0.032064 
Top 32 hit: 28
=========================================
For top 33 
Precision: 0.017764 
Recall: 0.155282 
fscore: 0.031207 
Top 33 hit: 28
=========================================
For top 34 
Precision: 0.017748 
Recall: 0.158730 
fscore: 0.031278 
Top 34 hit: 29
=========================================
For top 35 
Precision: 0.017241 
Recall: 0.158730 
fscore: 0.030485 
Top 35 hit: 29
=========================================
For top 36 
Precision: 0.016762 
Recall: 0.158730 
fscore: 0.029731 
Top 36 hit: 29
=========================================
For top 37 
Precision: 0.016309 
Recall: 0.158730 
fscore: 0.029014 
Top 37 hit: 29
=========================================
For top 38 
Precision: 0.015880 
Recall: 0.158730 
fscore: 0.028330 
Top 38 hit: 29
=========================================
For top 39 
Precision: 0.015473 
Recall: 0.158730 
fscore: 0.027678 
Top 39 hit: 29
=========================================
For top 40 
Precision: 0.015086 
Recall: 0.158730 
fscore: 0.027056 
Top 40 hit: 29
=========================================
For top 41 
Precision: 0.014718 
Recall: 0.158730 
fscore: 0.026461 
Top 41 hit: 29
=========================================
For top 42 
Precision: 0.014368 
Recall: 0.158730 
fscore: 0.025891 
Top 42 hit: 29
=========================================
For top 43 
Precision: 0.014034 
Recall: 0.158730 
fscore: 0.025346 
Top 43 hit: 29
=========================================
For top 44 
Precision: 0.014107 
Recall: 0.159962 
fscore: 0.025418 
Top 44 hit: 29
=========================================
For top 45 
Precision: 0.013793 
Recall: 0.159962 
fscore: 0.024906 
Top 45 hit: 29
=========================================
For top 46 
Precision: 0.013493 
Recall: 0.159962 
fscore: 0.024414 
Top 46 hit: 29
=========================================
For top 47 
Precision: 0.013573 
Recall: 0.165709 
fscore: 0.024632 
Top 47 hit: 29
=========================================
For top 48 
Precision: 0.013290 
Recall: 0.165709 
fscore: 0.024164 
Top 48 hit: 29
=========================================
For top 49 
Precision: 0.013019 
Recall: 0.165709 
fscore: 0.023713 
Top 49 hit: 29
=========================================
For top 50 
Precision: 0.012759 
Recall: 0.165709 
fscore: 0.023280 
Top 50 hit: 29
=========================================
For top 51 
Precision: 0.012508 
Recall: 0.165709 
fscore: 0.022861 
Top 51 hit: 29
=========================================
For top 52 
Precision: 0.012931 
Recall: 0.171251 
fscore: 0.023596 
Top 52 hit: 29
=========================================
For top 53 
Precision: 0.012687 
Recall: 0.171251 
fscore: 0.023188 
Top 53 hit: 29
=========================================
For top 54 
Precision: 0.012452 
Recall: 0.171251 
fscore: 0.022794 
Top 54 hit: 29
=========================================
For top 55 
Precision: 0.012226 
Recall: 0.171251 
fscore: 0.022413 
Top 55 hit: 29
=========================================
For top 56 
Precision: 0.012007 
Recall: 0.171251 
fscore: 0.022045 
Top 56 hit: 29
=========================================
For top 57 
Precision: 0.012099 
Recall: 0.175561 
fscore: 0.022253 
Top 57 hit: 29
=========================================
For top 58 
Precision: 0.011891 
Recall: 0.175561 
fscore: 0.021899 
Top 58 hit: 29
=========================================
For top 59 
Precision: 0.011689 
Recall: 0.175561 
fscore: 0.021556 
Top 59 hit: 29
=========================================
For top 60 
Precision: 0.011782 
Recall: 0.184182 
fscore: 0.021780 
Top 60 hit: 29
=========================================
For top 61 
Precision: 0.011588 
Recall: 0.184182 
fscore: 0.021449 
Top 61 hit: 29
=========================================
For top 62 
Precision: 0.011402 
Recall: 0.184182 
fscore: 0.021128 
Top 62 hit: 29
=========================================
For top 63 
Precision: 0.011494 
Recall: 0.188492 
fscore: 0.021330 
Top 63 hit: 29
=========================================
For top 64 
Precision: 0.011315 
Recall: 0.188492 
fscore: 0.021020 
Top 64 hit: 29
=========================================
For top 65 
Precision: 0.011406 
Recall: 0.189724 
fscore: 0.021155 
Top 65 hit: 29
=========================================
For top 66 
Precision: 0.011233 
Recall: 0.189724 
fscore: 0.020857 
Top 66 hit: 29
=========================================
For top 67 
Precision: 0.011065 
Recall: 0.189724 
fscore: 0.020567 
Top 67 hit: 29
=========================================
For top 68 
Precision: 0.010903 
Recall: 0.189724 
fscore: 0.020285 
Top 68 hit: 29
=========================================
For top 69 
Precision: 0.010745 
Recall: 0.189724 
fscore: 0.020011 
Top 69 hit: 29
=========================================
For top 70 
Precision: 0.010837 
Recall: 0.190955 
fscore: 0.020155 
Top 70 hit: 29
=========================================
For top 71 
Precision: 0.010685 
Recall: 0.190955 
fscore: 0.019890 
Top 71 hit: 29
=========================================
For top 72 
Precision: 0.010536 
Recall: 0.190955 
fscore: 0.019632 
Top 72 hit: 29
=========================================
For top 73 
Precision: 0.010392 
Recall: 0.190955 
fscore: 0.019381 
Top 73 hit: 29
=========================================
For top 74 
Precision: 0.010252 
Recall: 0.190955 
fscore: 0.019136 
Top 74 hit: 29
=========================================
For top 75 
Precision: 0.010115 
Recall: 0.190955 
fscore: 0.018897 
Top 75 hit: 29
=========================================
For top 76 
Precision: 0.010209 
Recall: 0.199576 
fscore: 0.019106 
Top 76 hit: 30
=========================================
For top 77 
Precision: 0.010076 
Recall: 0.199576 
fscore: 0.018873 
Top 77 hit: 30
=========================================
For top 78 
Precision: 0.009947 
Recall: 0.199576 
fscore: 0.018646 
Top 78 hit: 30
=========================================
For top 79 
Precision: 0.009821 
Recall: 0.199576 
fscore: 0.018424 
Top 79 hit: 30
=========================================
For top 80 
Precision: 0.009698 
Recall: 0.199576 
fscore: 0.018208 
Top 80 hit: 30
=========================================
For top 81 
Precision: 0.009579 
Recall: 0.199576 
fscore: 0.017996 
Top 81 hit: 30
=========================================
For top 82 
Precision: 0.009672 
Recall: 0.201492 
fscore: 0.018169 
Top 82 hit: 30
=========================================
For top 83 
Precision: 0.009555 
Recall: 0.201492 
fscore: 0.017962 
Top 83 hit: 30
=========================================
For top 84 
Precision: 0.009442 
Recall: 0.201492 
fscore: 0.017761 
Top 84 hit: 30
=========================================
For top 85 
Precision: 0.009533 
Recall: 0.210112 
fscore: 0.017960 
Top 85 hit: 31
=========================================
For top 86 
Precision: 0.009423 
Recall: 0.210112 
fscore: 0.017763 
Top 86 hit: 31
=========================================
For top 87 
Precision: 0.009314 
Recall: 0.210112 
fscore: 0.017570 
Top 87 hit: 31
=========================================
For top 88 
Precision: 0.009404 
Recall: 0.214423 
fscore: 0.017756 
Top 88 hit: 31
=========================================
For top 89 
Precision: 0.009492 
Recall: 0.223043 
fscore: 0.017947 
Top 89 hit: 32
=========================================
For top 90 
Precision: 0.009387 
Recall: 0.223043 
fscore: 0.017758 
Top 90 hit: 32
=========================================
For top 91 
Precision: 0.009284 
Recall: 0.223043 
fscore: 0.017573 
Top 91 hit: 32
=========================================
For top 92 
Precision: 0.009370 
Recall: 0.226492 
fscore: 0.017747 
Top 92 hit: 33
=========================================
For top 93 
Precision: 0.009270 
Recall: 0.226492 
fscore: 0.017566 
Top 93 hit: 33
=========================================
For top 94 
Precision: 0.009354 
Recall: 0.228955 
fscore: 0.017730 
Top 94 hit: 34
=========================================
For top 95 
Precision: 0.009256 
Recall: 0.228955 
fscore: 0.017553 
Top 95 hit: 34
=========================================
For top 96 
Precision: 0.009159 
Recall: 0.228955 
fscore: 0.017379 
Top 96 hit: 34
=========================================
For top 97 
Precision: 0.009065 
Recall: 0.228955 
fscore: 0.017209 
Top 97 hit: 34
=========================================
For top 98 
Precision: 0.008973 
Recall: 0.228955 
fscore: 0.017042 
Top 98 hit: 34
=========================================
For top 99 
Precision: 0.008882 
Recall: 0.228955 
fscore: 0.016878 
Top 99 hit: 34
=========================================
For top 100 
Precision: 0.008793 
Recall: 0.228955 
fscore: 0.016718 
Top 100 hit: 34
=========================================
For top 101 
Precision: 0.008877 
Recall: 0.230186 
fscore: 0.016860 
Top 101 hit: 34
=========================================
For top 102 
Precision: 0.008959 
Recall: 0.234496 
fscore: 0.017028 
Top 102 hit: 35
=========================================
For top 103 
Precision: 0.008872 
Recall: 0.234496 
fscore: 0.016871 
Top 103 hit: 35
=========================================
For top 104 
Precision: 0.008786 
Recall: 0.234496 
fscore: 0.016716 
Top 104 hit: 35
=========================================
For top 105 
Precision: 0.008867 
Recall: 0.240244 
fscore: 0.016884 
Top 105 hit: 35
=========================================
For top 106 
Precision: 0.008946 
Recall: 0.244554 
fscore: 0.017046 
Top 106 hit: 35
=========================================
For top 107 
Precision: 0.009024 
Recall: 0.253175 
fscore: 0.017210 
Top 107 hit: 36
=========================================
For top 108 
Precision: 0.008940 
Recall: 0.253175 
fscore: 0.017058 
Top 108 hit: 36
=========================================
For top 109 
Precision: 0.009016 
Recall: 0.254406 
fscore: 0.017189 
Top 109 hit: 36
=========================================
For top 110 
Precision: 0.009404 
Recall: 0.264628 
fscore: 0.017936 
Top 110 hit: 37
=========================================
For top 111 
Precision: 0.009320 
Recall: 0.264628 
fscore: 0.017782 
Top 111 hit: 37
=========================================
For top 112 
Precision: 0.009236 
Recall: 0.264628 
fscore: 0.017630 
Top 112 hit: 37
=========================================
For top 113 
Precision: 0.009155 
Recall: 0.264628 
fscore: 0.017481 
Top 113 hit: 37
=========================================
For top 114 
Precision: 0.009074 
Recall: 0.264628 
fscore: 0.017335 
Top 114 hit: 37
=========================================
For top 115 
Precision: 0.009295 
Recall: 0.277559 
fscore: 0.017775 
Top 115 hit: 38
=========================================
For top 116 
Precision: 0.009512 
Recall: 0.289053 
fscore: 0.018208 
Top 116 hit: 38
=========================================
For top 117 
Precision: 0.009431 
Recall: 0.289053 
fscore: 0.018059 
Top 117 hit: 38
=========================================
For top 118 
Precision: 0.009497 
Recall: 0.291516 
fscore: 0.018188 
Top 118 hit: 38
=========================================
For top 119 
Precision: 0.009418 
Recall: 0.291516 
fscore: 0.018041 
Top 119 hit: 38
=========================================
For top 120 
Precision: 0.009483 
Recall: 0.300137 
fscore: 0.018180 
Top 120 hit: 38
=========================================
For top 121 
Precision: 0.009404 
Recall: 0.300137 
fscore: 0.018036 
Top 121 hit: 38
=========================================
For top 122 
Precision: 0.009469 
Recall: 0.301368 
fscore: 0.018147 
Top 122 hit: 38
=========================================
For top 123 
Precision: 0.009392 
Recall: 0.301368 
fscore: 0.018006 
Top 123 hit: 38
=========================================
For top 124 
Precision: 0.009455 
Recall: 0.305679 
fscore: 0.018136 
Top 124 hit: 38
=========================================
For top 125 
Precision: 0.009379 
Recall: 0.305679 
fscore: 0.017997 
Top 125 hit: 38
=========================================
For top 126 
Precision: 0.009715 
Recall: 0.326368 
fscore: 0.018661 
Top 126 hit: 41
=========================================
For top 127 
Precision: 0.009910 
Recall: 0.347920 
fscore: 0.019053 
Top 127 hit: 42
=========================================
For top 128 
Precision: 0.010102 
Recall: 0.367625 
fscore: 0.019432 
Top 128 hit: 43
=========================================
For top 129 
Precision: 0.010158 
Recall: 0.371935 
fscore: 0.019547 
Top 129 hit: 43
=========================================
For top 130 
Precision: 0.010345 
Recall: 0.380556 
fscore: 0.019916 
Top 130 hit: 43
=========================================
For top 131 
Precision: 0.010529 
Recall: 0.386877 
fscore: 0.020275 
Top 131 hit: 44
=========================================
For top 132 
Precision: 0.010711 
Recall: 0.393774 
fscore: 0.020631 
Top 132 hit: 44
=========================================
For top 133 
Precision: 0.010630 
Recall: 0.393774 
fscore: 0.020481 
Top 133 hit: 44
=========================================
For top 134 
Precision: 0.010679 
Recall: 0.411015 
fscore: 0.020589 
Top 134 hit: 45
=========================================
For top 135 
Precision: 0.010728 
Recall: 0.414464 
fscore: 0.020688 
Top 135 hit: 45
=========================================
For top 136 
Precision: 0.010649 
Recall: 0.414464 
fscore: 0.020541 
Top 136 hit: 45
=========================================
For top 137 
Precision: 0.010571 
Recall: 0.414464 
fscore: 0.020397 
Top 137 hit: 45
=========================================
For top 138 
Precision: 0.010745 
Recall: 0.425958 
fscore: 0.020740 
Top 138 hit: 47
=========================================
For top 139 
Precision: 0.010791 
Recall: 0.427682 
fscore: 0.020827 
Top 139 hit: 47
=========================================
For top 140 
Precision: 0.010837 
Recall: 0.433429 
fscore: 0.020925 
Top 140 hit: 47
=========================================
For top 141 
Precision: 0.011250 
Recall: 0.454981 
fscore: 0.021737 
Top 141 hit: 47
=========================================
For top 142 
Precision: 0.011778 
Recall: 0.490490 
fscore: 0.022771 
Top 142 hit: 48
=========================================
For top 143 
Precision: 0.011936 
Recall: 0.496524 
fscore: 0.023076 
Top 143 hit: 48
=========================================
For top 144 
Precision: 0.012213 
Recall: 0.506746 
fscore: 0.023614 
Top 144 hit: 49
=========================================
For top 145 
Precision: 0.012723 
Recall: 0.534045 
fscore: 0.024617 
Top 145 hit: 50
=========================================
For top 146 
Precision: 0.012990 
Recall: 0.549849 
fscore: 0.025144 
Top 146 hit: 51
=========================================
For top 147 
Precision: 0.013254 
Recall: 0.559907 
fscore: 0.025657 
Top 147 hit: 51
=========================================
For top 148 
Precision: 0.013281 
Recall: 0.561631 
fscore: 0.025707 
Top 148 hit: 51
=========================================
For top 149 
Precision: 0.013423 
Recall: 0.571689 
fscore: 0.025992 
Top 149 hit: 51
=========================================
For top 150 
Precision: 0.013448 
Recall: 0.574152 
fscore: 0.026044 
Top 150 hit: 51
=========================================
For top 151 
Precision: 0.013588 
Recall: 0.585646 
fscore: 0.026325 
Top 151 hit: 51
=========================================
For top 152 
Precision: 0.014065 
Recall: 0.610933 
fscore: 0.027256 
Top 152 hit: 53
=========================================
For top 153 
Precision: 0.014086 
Recall: 0.612165 
fscore: 0.027289 
Top 153 hit: 53
=========================================
For top 154 
Precision: 0.013995 
Recall: 0.612165 
fscore: 0.027118 
Top 154 hit: 53
=========================================
For top 155 
Precision: 0.014683 
Recall: 0.664368 
fscore: 0.028472 
Top 155 hit: 54
=========================================
For top 156 
Precision: 0.015141 
Recall: 0.685714 
fscore: 0.029360 
Top 156 hit: 54
=========================================
For top 157 
Precision: 0.015594 
Recall: 0.704105 
fscore: 0.030244 
Top 157 hit: 54
=========================================
For top 158 
Precision: 0.015823 
Recall: 0.738588 
fscore: 0.030706 
Top 158 hit: 55
=========================================
For top 159 
Precision: 0.015940 
Recall: 0.759278 
fscore: 0.030945 
Top 159 hit: 56
=========================================
For top 160 
Precision: 0.016272 
Recall: 0.769321 
fscore: 0.031577 
Top 160 hit: 56
=========================================
For top 161 
Precision: 0.016492 
Recall: 0.779543 
fscore: 0.032009 
Top 161 hit: 56
=========================================
For top 162 
Precision: 0.016496 
Recall: 0.785290 
fscore: 0.032026 
Top 162 hit: 56
=========================================
For top 163 
Precision: 0.016501 
Recall: 0.802531 
fscore: 0.032045 
Top 163 hit: 57
=========================================
For top 164 
Precision: 0.016926 
Recall: 0.830884 
fscore: 0.032881 
Top 164 hit: 57
=========================================
For top 165 
Precision: 0.017032 
Recall: 0.842953 
fscore: 0.033096 
Top 165 hit: 57
=========================================
For top 166 
Precision: 0.017241 
Recall: 0.861631 
fscore: 0.033515 
Top 166 hit: 57
=========================================
For top 167 
Precision: 0.017241 
Recall: 0.867378 
fscore: 0.033522 
Top 167 hit: 57
=========================================
For top 168 
Precision: 0.017241 
Recall: 0.884620 
fscore: 0.033532 
Top 168 hit: 58
=========================================
MRR: 0.144033308996 
MAP: 0.05743971415806817 
Total words: 38 ; train data dimemsion:(1272, 250) ;result for the deep_rnn
============For top 1 
Precision: 0.310345 
Recall: 0.082991 
fscore: 0.126452 
Top 1 hit: 18
=========================================
For top 2 
Precision: 0.198276 
Recall: 0.105597 
fscore: 0.131297 
Top 2 hit: 21
=========================================
For top 3 
Precision: 0.189655 
Recall: 0.172551 
fscore: 0.167894 
Top 3 hit: 27
=========================================
For top 4 
Precision: 0.176724 
Recall: 0.202969 
fscore: 0.174740 
Top 4 hit: 33
=========================================
For top 5 
Precision: 0.189655 
Recall: 0.265654 
fscore: 0.207511 
Top 5 hit: 39
=========================================
For top 6 
Precision: 0.172414 
Recall: 0.286795 
fscore: 0.203056 
Top 6 hit: 39
=========================================
For top 7 
Precision: 0.160099 
Recall: 0.312657 
fscore: 0.200531 
Top 7 hit: 41
=========================================
For top 8 
Precision: 0.146552 
Recall: 0.327025 
fscore: 0.192364 
Top 8 hit: 42
=========================================
For top 9 
Precision: 0.143678 
Recall: 0.387739 
fscore: 0.197236 
Top 9 hit: 45
=========================================
For top 10 
Precision: 0.134483 
Recall: 0.397222 
fscore: 0.189429 
Top 10 hit: 46
=========================================
For top 11 
Precision: 0.126959 
Recall: 0.415900 
fscore: 0.184124 
Top 11 hit: 47
=========================================
For top 12 
Precision: 0.117816 
Recall: 0.433142 
fscore: 0.175185 
Top 12 hit: 48
=========================================
For top 13 
Precision: 0.108753 
Recall: 0.433142 
fscore: 0.164797 
Top 13 hit: 48
=========================================
For top 14 
Precision: 0.105911 
Recall: 0.444143 
fscore: 0.162172 
Top 14 hit: 48
=========================================
For top 15 
Precision: 0.098851 
Recall: 0.444143 
fscore: 0.153641 
Top 15 hit: 48
=========================================
For top 16 
Precision: 0.094828 
Recall: 0.450465 
fscore: 0.149183 
Top 16 hit: 48
=========================================
For top 17 
Precision: 0.090264 
Recall: 0.451697 
fscore: 0.143221 
Top 17 hit: 48
=========================================
For top 18 
Precision: 0.087165 
Recall: 0.474685 
fscore: 0.140216 
Top 18 hit: 50
=========================================
For top 19 
Precision: 0.083485 
Recall: 0.491927 
fscore: 0.135876 
Top 19 hit: 51
=========================================
For top 20 
Precision: 0.080172 
Recall: 0.495375 
fscore: 0.131616 
Top 20 hit: 51
=========================================
For top 21 
Precision: 0.077997 
Recall: 0.505432 
fscore: 0.129193 
Top 21 hit: 51
=========================================
For top 22 
Precision: 0.077586 
Recall: 0.529858 
fscore: 0.129679 
Top 22 hit: 53
=========================================
For top 23 
Precision: 0.075712 
Recall: 0.534784 
fscore: 0.127194 
Top 23 hit: 53
=========================================
For top 24 
Precision: 0.072557 
Recall: 0.534784 
fscore: 0.122678 
Top 24 hit: 53
=========================================
For top 25 
Precision: 0.071724 
Recall: 0.553941 
fscore: 0.122042 
Top 25 hit: 53
=========================================
For top 26 
Precision: 0.068966 
Recall: 0.553941 
fscore: 0.117998 
Top 26 hit: 53
=========================================
For top 27 
Precision: 0.067688 
Recall: 0.559278 
fscore: 0.116274 
Top 27 hit: 53
=========================================
For top 28 
Precision: 0.066502 
Recall: 0.577750 
fscore: 0.114678 
Top 28 hit: 54
=========================================
For top 29 
Precision: 0.064209 
Recall: 0.577750 
fscore: 0.111231 
Top 29 hit: 54
=========================================
For top 30 
Precision: 0.063793 
Recall: 0.591735 
fscore: 0.110933 
Top 30 hit: 54
=========================================
For top 31 
Precision: 0.061735 
Recall: 0.591735 
fscore: 0.107791 
Top 31 hit: 54
=========================================
For top 32 
Precision: 0.060884 
Recall: 0.604666 
fscore: 0.106795 
Top 32 hit: 55
=========================================
For top 33 
Precision: 0.059039 
Recall: 0.604666 
fscore: 0.103931 
Top 33 hit: 55
=========================================
For top 34 
Precision: 0.057809 
Recall: 0.610413 
fscore: 0.102150 
Top 34 hit: 55
=========================================
For top 35 
Precision: 0.056650 
Recall: 0.613862 
fscore: 0.100413 
Top 35 hit: 55
=========================================
For top 36 
Precision: 0.056513 
Recall: 0.628024 
fscore: 0.100382 
Top 36 hit: 55
=========================================
For top 37 
Precision: 0.055452 
Recall: 0.636645 
fscore: 0.098839 
Top 37 hit: 55
=========================================
For top 38 
Precision: 0.054446 
Recall: 0.642392 
fscore: 0.097346 
Top 38 hit: 55
=========================================
For top 39 
Precision: 0.053492 
Recall: 0.643623 
fscore: 0.095750 
Top 39 hit: 55
=========================================
For top 40 
Precision: 0.052586 
Recall: 0.644855 
fscore: 0.094232 
Top 40 hit: 55
=========================================
For top 41 
Precision: 0.051724 
Recall: 0.648303 
fscore: 0.092909 
Top 41 hit: 55
=========================================
For top 42 
Precision: 0.050493 
Recall: 0.648303 
fscore: 0.090909 
Top 42 hit: 55
=========================================
For top 43 
Precision: 0.049719 
Recall: 0.651752 
fscore: 0.089713 
Top 43 hit: 55
=========================================
For top 44 
Precision: 0.049373 
Recall: 0.666119 
fscore: 0.089346 
Top 44 hit: 56
=========================================
For top 45 
Precision: 0.048659 
Recall: 0.668582 
fscore: 0.088203 
Top 45 hit: 56
=========================================
For top 46 
Precision: 0.047601 
Recall: 0.668582 
fscore: 0.086456 
Top 46 hit: 56
=========================================
For top 47 
Precision: 0.047322 
Recall: 0.677778 
fscore: 0.086129 
Top 47 hit: 56
=========================================
For top 48 
Precision: 0.046336 
Recall: 0.677778 
fscore: 0.084488 
Top 48 hit: 56
=========================================
For top 49 
Precision: 0.045391 
Recall: 0.677778 
fscore: 0.082909 
Top 49 hit: 56
=========================================
For top 50 
Precision: 0.044828 
Recall: 0.681226 
fscore: 0.082015 
Top 50 hit: 56
=========================================
For top 51 
Precision: 0.044287 
Recall: 0.685536 
fscore: 0.081164 
Top 51 hit: 56
=========================================
For top 52 
Precision: 0.043435 
Recall: 0.685536 
fscore: 0.079728 
Top 52 hit: 56
=========================================
For top 53 
Precision: 0.042941 
Recall: 0.689847 
fscore: 0.078946 
Top 53 hit: 56
=========================================
For top 54 
Precision: 0.042146 
Recall: 0.689847 
fscore: 0.077597 
Top 54 hit: 56
=========================================
For top 55 
Precision: 0.041693 
Recall: 0.694157 
fscore: 0.076878 
Top 55 hit: 56
=========================================
For top 56 
Precision: 0.040948 
Recall: 0.694157 
fscore: 0.075608 
Top 56 hit: 56
=========================================
For top 57 
Precision: 0.040230 
Recall: 0.694157 
fscore: 0.074379 
Top 57 hit: 56
=========================================
For top 58 
Precision: 0.039536 
Recall: 0.694157 
fscore: 0.073189 
Top 58 hit: 56
=========================================
For top 59 
Precision: 0.039451 
Recall: 0.699330 
fscore: 0.073076 
Top 59 hit: 56
=========================================
For top 60 
Precision: 0.039080 
Recall: 0.703640 
fscore: 0.072483 
Top 60 hit: 56
=========================================
For top 61 
Precision: 0.038722 
Recall: 0.709387 
fscore: 0.071916 
Top 61 hit: 56
=========================================
For top 62 
Precision: 0.038098 
Recall: 0.709387 
fscore: 0.070836 
Top 62 hit: 56
=========================================
For top 63 
Precision: 0.037493 
Recall: 0.709387 
fscore: 0.069788 
Top 63 hit: 56
=========================================
For top 64 
Precision: 0.036907 
Recall: 0.709387 
fscore: 0.068770 
Top 64 hit: 56
=========================================
For top 65 
Precision: 0.036340 
Recall: 0.709387 
fscore: 0.067781 
Top 65 hit: 56
=========================================
For top 66 
Precision: 0.035789 
Recall: 0.709387 
fscore: 0.066821 
Top 66 hit: 56
=========================================
For top 67 
Precision: 0.035512 
Recall: 0.713697 
fscore: 0.066373 
Top 67 hit: 56
=========================================
For top 68 
Precision: 0.035243 
Recall: 0.722318 
fscore: 0.065951 
Top 68 hit: 56
=========================================
For top 69 
Precision: 0.034733 
Recall: 0.722318 
fscore: 0.065055 
Top 69 hit: 56
=========================================
For top 70 
Precision: 0.034236 
Recall: 0.722318 
fscore: 0.064182 
Top 70 hit: 56
=========================================
For top 71 
Precision: 0.033754 
Recall: 0.722318 
fscore: 0.063333 
Top 71 hit: 56
=========================================
For top 72 
Precision: 0.033285 
Recall: 0.722318 
fscore: 0.062506 
Top 72 hit: 56
=========================================
For top 73 
Precision: 0.032829 
Recall: 0.722318 
fscore: 0.061700 
Top 73 hit: 56
=========================================
For top 74 
Precision: 0.032619 
Recall: 0.726628 
fscore: 0.061357 
Top 74 hit: 56
=========================================
For top 75 
Precision: 0.032184 
Recall: 0.726628 
fscore: 0.060586 
Top 75 hit: 56
=========================================
For top 76 
Precision: 0.031760 
Recall: 0.726628 
fscore: 0.059834 
Top 76 hit: 56
=========================================
For top 77 
Precision: 0.031348 
Recall: 0.726628 
fscore: 0.059101 
Top 77 hit: 56
=========================================
For top 78 
Precision: 0.030946 
Recall: 0.726628 
fscore: 0.058385 
Top 78 hit: 56
=========================================
For top 79 
Precision: 0.030554 
Recall: 0.726628 
fscore: 0.057686 
Top 79 hit: 56
=========================================
For top 80 
Precision: 0.030172 
Recall: 0.726628 
fscore: 0.057004 
Top 80 hit: 56
=========================================
For top 81 
Precision: 0.029800 
Recall: 0.726628 
fscore: 0.056338 
Top 81 hit: 56
=========================================
For top 82 
Precision: 0.029437 
Recall: 0.726628 
fscore: 0.055688 
Top 82 hit: 56
=========================================
For top 83 
Precision: 0.029082 
Recall: 0.726628 
fscore: 0.055052 
Top 83 hit: 56
=========================================
For top 84 
Precision: 0.028736 
Recall: 0.726628 
fscore: 0.054431 
Top 84 hit: 56
=========================================
For top 85 
Precision: 0.028398 
Recall: 0.726628 
fscore: 0.053823 
Top 85 hit: 56
=========================================
For top 86 
Precision: 0.028268 
Recall: 0.732375 
fscore: 0.053617 
Top 86 hit: 56
=========================================
For top 87 
Precision: 0.027943 
Recall: 0.732375 
fscore: 0.053031 
Top 87 hit: 56
=========================================
For top 88 
Precision: 0.027821 
Recall: 0.740996 
fscore: 0.052842 
Top 88 hit: 56
=========================================
For top 89 
Precision: 0.027509 
Recall: 0.740996 
fscore: 0.052277 
Top 89 hit: 56
=========================================
For top 90 
Precision: 0.027203 
Recall: 0.740996 
fscore: 0.051724 
Top 90 hit: 56
=========================================
For top 91 
Precision: 0.027094 
Recall: 0.746743 
fscore: 0.051550 
Top 91 hit: 56
=========================================
For top 92 
Precision: 0.026799 
Recall: 0.746743 
fscore: 0.051016 
Top 92 hit: 56
=========================================
For top 93 
Precision: 0.026511 
Recall: 0.746743 
fscore: 0.050493 
Top 93 hit: 56
=========================================
For top 94 
Precision: 0.026229 
Recall: 0.746743 
fscore: 0.049981 
Top 94 hit: 56
=========================================
For top 95 
Precision: 0.026134 
Recall: 0.747975 
fscore: 0.049795 
Top 95 hit: 56
=========================================
For top 96 
Precision: 0.025862 
Recall: 0.747975 
fscore: 0.049300 
Top 96 hit: 56
=========================================
For top 97 
Precision: 0.025595 
Recall: 0.747975 
fscore: 0.048815 
Top 97 hit: 56
=========================================
For top 98 
Precision: 0.025334 
Recall: 0.747975 
fscore: 0.048340 
Top 98 hit: 56
=========================================
For top 99 
Precision: 0.025427 
Recall: 0.762343 
fscore: 0.048553 
Top 99 hit: 56
=========================================
For top 100 
Precision: 0.025172 
Recall: 0.762343 
fscore: 0.048089 
Top 100 hit: 56
=========================================
For top 101 
Precision: 0.024923 
Recall: 0.762343 
fscore: 0.047633 
Top 101 hit: 56
=========================================
For top 102 
Precision: 0.025017 
Recall: 0.783894 
fscore: 0.047847 
Top 102 hit: 57
=========================================
For top 103 
Precision: 0.024941 
Recall: 0.785810 
fscore: 0.047710 
Top 103 hit: 57
=========================================
For top 104 
Precision: 0.024702 
Recall: 0.785810 
fscore: 0.047270 
Top 104 hit: 57
=========================================
For top 105 
Precision: 0.024631 
Recall: 0.791557 
fscore: 0.047158 
Top 105 hit: 57
=========================================
For top 106 
Precision: 0.024561 
Recall: 0.797304 
fscore: 0.047048 
Top 106 hit: 57
=========================================
For top 107 
Precision: 0.024331 
Recall: 0.797304 
fscore: 0.046627 
Top 107 hit: 57
=========================================
For top 108 
Precision: 0.024266 
Recall: 0.805925 
fscore: 0.046526 
Top 108 hit: 57
=========================================
For top 109 
Precision: 0.024043 
Recall: 0.805925 
fscore: 0.046116 
Top 109 hit: 57
=========================================
For top 110 
Precision: 0.023824 
Recall: 0.805925 
fscore: 0.045714 
Top 110 hit: 57
=========================================
For top 111 
Precision: 0.023610 
Recall: 0.805925 
fscore: 0.045318 
Top 111 hit: 57
=========================================
For top 112 
Precision: 0.023399 
Recall: 0.805925 
fscore: 0.044930 
Top 112 hit: 57
=========================================
For top 113 
Precision: 0.023192 
Recall: 0.805925 
fscore: 0.044548 
Top 113 hit: 57
=========================================
For top 114 
Precision: 0.022989 
Recall: 0.805925 
fscore: 0.044172 
Top 114 hit: 57
=========================================
For top 115 
Precision: 0.022939 
Recall: 0.823166 
fscore: 0.044100 
Top 115 hit: 58
=========================================
For top 116 
Precision: 0.022889 
Recall: 0.831787 
fscore: 0.044026 
Top 116 hit: 58
=========================================
For top 117 
Precision: 0.022694 
Recall: 0.831787 
fscore: 0.043664 
Top 117 hit: 58
=========================================
For top 118 
Precision: 0.022501 
Recall: 0.831787 
fscore: 0.043308 
Top 118 hit: 58
=========================================
For top 119 
Precision: 0.022312 
Recall: 0.831787 
fscore: 0.042957 
Top 119 hit: 58
=========================================
For top 120 
Precision: 0.022270 
Recall: 0.837534 
fscore: 0.042893 
Top 120 hit: 58
=========================================
For top 121 
Precision: 0.022086 
Recall: 0.837534 
fscore: 0.042551 
Top 121 hit: 58
=========================================
For top 122 
Precision: 0.021905 
Recall: 0.837534 
fscore: 0.042215 
Top 122 hit: 58
=========================================
For top 123 
Precision: 0.021727 
Recall: 0.837534 
fscore: 0.041884 
Top 123 hit: 58
=========================================
For top 124 
Precision: 0.021691 
Recall: 0.841845 
fscore: 0.041827 
Top 124 hit: 58
=========================================
For top 125 
Precision: 0.021517 
Recall: 0.841845 
fscore: 0.041504 
Top 125 hit: 58
=========================================
For top 126 
Precision: 0.021483 
Recall: 0.843076 
fscore: 0.041433 
Top 126 hit: 58
=========================================
For top 127 
Precision: 0.021314 
Recall: 0.843076 
fscore: 0.041118 
Top 127 hit: 58
=========================================
For top 128 
Precision: 0.021148 
Recall: 0.843076 
fscore: 0.040808 
Top 128 hit: 58
=========================================
For top 129 
Precision: 0.020984 
Recall: 0.843076 
fscore: 0.040502 
Top 129 hit: 58
=========================================
For top 130 
Precision: 0.020822 
Recall: 0.843076 
fscore: 0.040201 
Top 130 hit: 58
=========================================
For top 131 
Precision: 0.020795 
Recall: 0.845950 
fscore: 0.040157 
Top 131 hit: 58
=========================================
For top 132 
Precision: 0.020637 
Recall: 0.845950 
fscore: 0.039863 
Top 132 hit: 58
=========================================
For top 133 
Precision: 0.020482 
Recall: 0.845950 
fscore: 0.039573 
Top 133 hit: 58
=========================================
For top 134 
Precision: 0.020329 
Recall: 0.845950 
fscore: 0.039288 
Top 134 hit: 58
=========================================
For top 135 
Precision: 0.020179 
Recall: 0.845950 
fscore: 0.039006 
Top 135 hit: 58
=========================================
For top 136 
Precision: 0.020030 
Recall: 0.845950 
fscore: 0.038729 
Top 136 hit: 58
=========================================
For top 137 
Precision: 0.020010 
Recall: 0.849398 
fscore: 0.038698 
Top 137 hit: 58
=========================================
For top 138 
Precision: 0.019990 
Recall: 0.853708 
fscore: 0.038670 
Top 138 hit: 58
=========================================
For top 139 
Precision: 0.019846 
Recall: 0.853708 
fscore: 0.038400 
Top 139 hit: 58
=========================================
For top 140 
Precision: 0.019704 
Recall: 0.853708 
fscore: 0.038135 
Top 140 hit: 58
=========================================
For top 141 
Precision: 0.019565 
Recall: 0.853708 
fscore: 0.037873 
Top 141 hit: 58
=========================================
For top 142 
Precision: 0.019427 
Recall: 0.853708 
fscore: 0.037615 
Top 142 hit: 58
=========================================
For top 143 
Precision: 0.019291 
Recall: 0.853708 
fscore: 0.037360 
Top 143 hit: 58
=========================================
For top 144 
Precision: 0.019157 
Recall: 0.853708 
fscore: 0.037108 
Top 144 hit: 58
=========================================
For top 145 
Precision: 0.019025 
Recall: 0.853708 
fscore: 0.036860 
Top 145 hit: 58
=========================================
For top 146 
Precision: 0.018895 
Recall: 0.853708 
fscore: 0.036616 
Top 146 hit: 58
=========================================
For top 147 
Precision: 0.019001 
Recall: 0.861467 
fscore: 0.036829 
Top 147 hit: 58
=========================================
For top 148 
Precision: 0.018872 
Recall: 0.861467 
fscore: 0.036588 
Top 148 hit: 58
=========================================
For top 149 
Precision: 0.018746 
Recall: 0.861467 
fscore: 0.036350 
Top 149 hit: 58
=========================================
For top 150 
Precision: 0.018621 
Recall: 0.861467 
fscore: 0.036115 
Top 150 hit: 58
=========================================
For top 151 
Precision: 0.018612 
Recall: 0.867214 
fscore: 0.036107 
Top 151 hit: 58
=========================================
For top 152 
Precision: 0.018603 
Recall: 0.872961 
fscore: 0.036098 
Top 152 hit: 58
=========================================
For top 153 
Precision: 0.018481 
Recall: 0.872961 
fscore: 0.035869 
Top 153 hit: 58
=========================================
For top 154 
Precision: 0.018361 
Recall: 0.872961 
fscore: 0.035643 
Top 154 hit: 58
=========================================
For top 155 
Precision: 0.018242 
Recall: 0.872961 
fscore: 0.035420 
Top 155 hit: 58
=========================================
For top 156 
Precision: 0.018126 
Recall: 0.872961 
fscore: 0.035199 
Top 156 hit: 58
=========================================
For top 157 
Precision: 0.018010 
Recall: 0.872961 
fscore: 0.034982 
Top 157 hit: 58
=========================================
For top 158 
Precision: 0.018005 
Recall: 0.878708 
fscore: 0.034981 
Top 158 hit: 58
=========================================
For top 159 
Precision: 0.017892 
Recall: 0.878708 
fscore: 0.034767 
Top 159 hit: 58
=========================================
For top 160 
Precision: 0.017888 
Recall: 0.879940 
fscore: 0.034754 
Top 160 hit: 58
=========================================
For top 161 
Precision: 0.017777 
Recall: 0.879940 
fscore: 0.034544 
Top 161 hit: 58
=========================================
For top 162 
Precision: 0.017667 
Recall: 0.879940 
fscore: 0.034337 
Top 162 hit: 58
=========================================
For top 163 
Precision: 0.017559 
Recall: 0.879940 
fscore: 0.034132 
Top 163 hit: 58
=========================================
For top 164 
Precision: 0.017452 
Recall: 0.879940 
fscore: 0.033929 
Top 164 hit: 58
=========================================
For top 165 
Precision: 0.017346 
Recall: 0.879940 
fscore: 0.033729 
Top 165 hit: 58
=========================================
For top 166 
Precision: 0.017345 
Recall: 0.883388 
fscore: 0.033734 
Top 166 hit: 58
=========================================
For top 167 
Precision: 0.017241 
Recall: 0.883388 
fscore: 0.033537 
Top 167 hit: 58
=========================================
For top 168 
Precision: 0.017241 
Recall: 0.884620 
fscore: 0.033532 
Top 168 hit: 58
=========================================
MRR: 0.44105401649 
MAP: 0.21391562447356074 
result for the ensemble
============For top 1 
Precision: 0.448276 
Recall: 0.123796 
fscore: 0.189916 
Top 1 hit: 26
=========================================
For top 2 
Precision: 0.250000 
Recall: 0.135003 
fscore: 0.170486 
Top 2 hit: 26
=========================================
For top 3 
Precision: 0.178161 
Recall: 0.139683 
fscore: 0.150986 
Top 3 hit: 27
=========================================
For top 4 
Precision: 0.133621 
Recall: 0.139683 
fscore: 0.131527 
Top 4 hit: 27
=========================================
For top 5 
Precision: 0.110345 
Recall: 0.143993 
fscore: 0.120452 
Top 5 hit: 27
=========================================
For top 6 
Precision: 0.091954 
Recall: 0.143993 
fscore: 0.108261 
Top 6 hit: 27
=========================================
For top 7 
Precision: 0.078818 
Recall: 0.143993 
fscore: 0.098352 
Top 7 hit: 27
=========================================
For top 8 
Precision: 0.071121 
Recall: 0.148303 
fscore: 0.093004 
Top 8 hit: 27
=========================================
For top 9 
Precision: 0.067050 
Recall: 0.158155 
fscore: 0.090483 
Top 9 hit: 28
=========================================
For top 10 
Precision: 0.060345 
Recall: 0.158155 
fscore: 0.084039 
Top 10 hit: 28
=========================================
For top 11 
Precision: 0.056426 
Recall: 0.161604 
fscore: 0.080619 
Top 11 hit: 29
=========================================
For top 12 
Precision: 0.051724 
Recall: 0.161604 
fscore: 0.075620 
Top 12 hit: 29
=========================================
For top 13 
Precision: 0.047745 
Recall: 0.161604 
fscore: 0.071211 
Top 13 hit: 29
=========================================
For top 14 
Precision: 0.045567 
Recall: 0.162835 
fscore: 0.068525 
Top 14 hit: 29
=========================================
For top 15 
Precision: 0.042529 
Recall: 0.162835 
fscore: 0.064978 
Top 15 hit: 29
=========================================
For top 16 
Precision: 0.039871 
Recall: 0.162835 
fscore: 0.061784 
Top 16 hit: 29
=========================================
For top 17 
Precision: 0.037525 
Recall: 0.162835 
fscore: 0.058892 
Top 17 hit: 29
=========================================
For top 18 
Precision: 0.036398 
Recall: 0.164067 
fscore: 0.057339 
Top 18 hit: 29
=========================================
For top 19 
Precision: 0.034483 
Recall: 0.164067 
fscore: 0.054903 
Top 19 hit: 29
=========================================
For top 20 
Precision: 0.032759 
Recall: 0.164067 
fscore: 0.052667 
Top 20 hit: 29
=========================================
For top 21 
Precision: 0.031199 
Recall: 0.164067 
fscore: 0.050608 
Top 21 hit: 29
=========================================
For top 22 
Precision: 0.029781 
Recall: 0.164067 
fscore: 0.048705 
Top 22 hit: 29
=========================================
For top 23 
Precision: 0.028486 
Recall: 0.164067 
fscore: 0.046942 
Top 23 hit: 29
=========================================
For top 24 
Precision: 0.028017 
Recall: 0.165298 
fscore: 0.046210 
Top 24 hit: 29
=========================================
For top 25 
Precision: 0.026897 
Recall: 0.165298 
fscore: 0.044659 
Top 25 hit: 29
=========================================
For top 26 
Precision: 0.026525 
Recall: 0.166530 
fscore: 0.044071 
Top 26 hit: 29
=========================================
For top 27 
Precision: 0.025543 
Recall: 0.166530 
fscore: 0.042692 
Top 27 hit: 29
=========================================
For top 28 
Precision: 0.024631 
Recall: 0.166530 
fscore: 0.041398 
Top 28 hit: 29
=========================================
For top 29 
Precision: 0.023781 
Recall: 0.166530 
fscore: 0.040180 
Top 29 hit: 29
=========================================
For top 30 
Precision: 0.022989 
Recall: 0.166530 
fscore: 0.039033 
Top 30 hit: 29
=========================================
For top 31 
Precision: 0.022247 
Recall: 0.166530 
fscore: 0.037950 
Top 31 hit: 29
=========================================
For top 32 
Precision: 0.021552 
Recall: 0.166530 
fscore: 0.036925 
Top 32 hit: 29
=========================================
For top 33 
Precision: 0.020899 
Recall: 0.166530 
fscore: 0.035955 
Top 33 hit: 29
=========================================
For top 34 
Precision: 0.020791 
Recall: 0.170840 
fscore: 0.035942 
Top 34 hit: 30
=========================================
For top 35 
Precision: 0.020690 
Recall: 0.175151 
fscore: 0.035929 
Top 35 hit: 30
=========================================
For top 36 
Precision: 0.020594 
Recall: 0.179461 
fscore: 0.035916 
Top 36 hit: 30
=========================================
For top 37 
Precision: 0.020037 
Recall: 0.179461 
fscore: 0.035061 
Top 37 hit: 30
=========================================
For top 38 
Precision: 0.019510 
Recall: 0.179461 
fscore: 0.034247 
Top 38 hit: 30
=========================================
For top 39 
Precision: 0.019010 
Recall: 0.179461 
fscore: 0.033469 
Top 39 hit: 30
=========================================
For top 40 
Precision: 0.018534 
Recall: 0.179461 
fscore: 0.032727 
Top 40 hit: 30
=========================================
For top 41 
Precision: 0.018503 
Recall: 0.180692 
fscore: 0.032643 
Top 41 hit: 30
=========================================
For top 42 
Precision: 0.018062 
Recall: 0.180692 
fscore: 0.031952 
Top 42 hit: 30
=========================================
For top 43 
Precision: 0.017642 
Recall: 0.180692 
fscore: 0.031289 
Top 43 hit: 30
=========================================
For top 44 
Precision: 0.017241 
Recall: 0.180692 
fscore: 0.030654 
Top 44 hit: 30
=========================================
For top 45 
Precision: 0.016858 
Recall: 0.180692 
fscore: 0.030044 
Top 45 hit: 30
=========================================
For top 46 
Precision: 0.016492 
Recall: 0.180692 
fscore: 0.029458 
Top 46 hit: 30
=========================================
For top 47 
Precision: 0.016141 
Recall: 0.180692 
fscore: 0.028894 
Top 47 hit: 30
=========================================
For top 48 
Precision: 0.015805 
Recall: 0.180692 
fscore: 0.028352 
Top 48 hit: 30
=========================================
For top 49 
Precision: 0.015834 
Recall: 0.181924 
fscore: 0.028377 
Top 49 hit: 30
=========================================
For top 50 
Precision: 0.015862 
Recall: 0.186234 
fscore: 0.028504 
Top 50 hit: 30
=========================================
For top 51 
Precision: 0.015551 
Recall: 0.186234 
fscore: 0.027998 
Top 51 hit: 30
=========================================
For top 52 
Precision: 0.015252 
Recall: 0.186234 
fscore: 0.027511 
Top 52 hit: 30
=========================================
For top 53 
Precision: 0.014964 
Recall: 0.186234 
fscore: 0.027040 
Top 53 hit: 30
=========================================
For top 54 
Precision: 0.014687 
Recall: 0.186234 
fscore: 0.026585 
Top 54 hit: 30
=========================================
For top 55 
Precision: 0.014420 
Recall: 0.186234 
fscore: 0.026145 
Top 55 hit: 30
=========================================
For top 56 
Precision: 0.014163 
Recall: 0.186234 
fscore: 0.025720 
Top 56 hit: 30
=========================================
For top 57 
Precision: 0.014217 
Recall: 0.190545 
fscore: 0.025873 
Top 57 hit: 30
=========================================
For top 58 
Precision: 0.013971 
Recall: 0.190545 
fscore: 0.025465 
Top 58 hit: 30
=========================================
For top 59 
Precision: 0.013735 
Recall: 0.190545 
fscore: 0.025070 
Top 59 hit: 30
=========================================
For top 60 
Precision: 0.013506 
Recall: 0.190545 
fscore: 0.024687 
Top 60 hit: 30
=========================================
For top 61 
Precision: 0.013284 
Recall: 0.190545 
fscore: 0.024315 
Top 61 hit: 30
=========================================
For top 62 
Precision: 0.013070 
Recall: 0.190545 
fscore: 0.023955 
Top 62 hit: 30
=========================================
For top 63 
Precision: 0.012863 
Recall: 0.190545 
fscore: 0.023605 
Top 63 hit: 30
=========================================
For top 64 
Precision: 0.012662 
Recall: 0.190545 
fscore: 0.023265 
Top 64 hit: 30
=========================================
For top 65 
Precision: 0.012467 
Recall: 0.190545 
fscore: 0.022935 
Top 65 hit: 30
=========================================
For top 66 
Precision: 0.012278 
Recall: 0.190545 
fscore: 0.022614 
Top 66 hit: 30
=========================================
For top 67 
Precision: 0.012095 
Recall: 0.190545 
fscore: 0.022302 
Top 67 hit: 30
=========================================
For top 68 
Precision: 0.011917 
Recall: 0.190545 
fscore: 0.021999 
Top 68 hit: 30
=========================================
For top 69 
Precision: 0.011994 
Recall: 0.199165 
fscore: 0.022189 
Top 69 hit: 31
=========================================
For top 70 
Precision: 0.011823 
Recall: 0.199165 
fscore: 0.021895 
Top 70 hit: 31
=========================================
For top 71 
Precision: 0.011656 
Recall: 0.199165 
fscore: 0.021608 
Top 71 hit: 31
=========================================
For top 72 
Precision: 0.011494 
Recall: 0.199165 
fscore: 0.021329 
Top 72 hit: 31
=========================================
For top 73 
Precision: 0.011337 
Recall: 0.199165 
fscore: 0.021057 
Top 73 hit: 31
=========================================
For top 74 
Precision: 0.011184 
Recall: 0.199165 
fscore: 0.020792 
Top 74 hit: 31
=========================================
For top 75 
Precision: 0.011034 
Recall: 0.199165 
fscore: 0.020534 
Top 75 hit: 31
=========================================
For top 76 
Precision: 0.010889 
Recall: 0.199165 
fscore: 0.020281 
Top 76 hit: 31
=========================================
For top 77 
Precision: 0.010748 
Recall: 0.199165 
fscore: 0.020035 
Top 77 hit: 31
=========================================
For top 78 
Precision: 0.010610 
Recall: 0.199165 
fscore: 0.019795 
Top 78 hit: 31
=========================================
For top 79 
Precision: 0.010476 
Recall: 0.199165 
fscore: 0.019561 
Top 79 hit: 31
=========================================
For top 80 
Precision: 0.010345 
Recall: 0.199165 
fscore: 0.019332 
Top 80 hit: 31
=========================================
For top 81 
Precision: 0.010217 
Recall: 0.199165 
fscore: 0.019108 
Top 81 hit: 31
=========================================
For top 82 
Precision: 0.010093 
Recall: 0.199165 
fscore: 0.018890 
Top 82 hit: 31
=========================================
For top 83 
Precision: 0.009971 
Recall: 0.199165 
fscore: 0.018676 
Top 83 hit: 31
=========================================
For top 84 
Precision: 0.009852 
Recall: 0.199165 
fscore: 0.018468 
Top 84 hit: 31
=========================================
For top 85 
Precision: 0.009939 
Recall: 0.201081 
fscore: 0.018630 
Top 85 hit: 31
=========================================
For top 86 
Precision: 0.009824 
Recall: 0.201081 
fscore: 0.018427 
Top 86 hit: 31
=========================================
For top 87 
Precision: 0.009711 
Recall: 0.201081 
fscore: 0.018228 
Top 87 hit: 31
=========================================
For top 88 
Precision: 0.009600 
Recall: 0.201081 
fscore: 0.018033 
Top 88 hit: 31
=========================================
For top 89 
Precision: 0.009686 
Recall: 0.209702 
fscore: 0.018221 
Top 89 hit: 32
=========================================
For top 90 
Precision: 0.009579 
Recall: 0.209702 
fscore: 0.018030 
Top 90 hit: 32
=========================================
For top 91 
Precision: 0.009663 
Recall: 0.212165 
fscore: 0.018195 
Top 91 hit: 33
=========================================
For top 92 
Precision: 0.009745 
Recall: 0.215613 
fscore: 0.018364 
Top 92 hit: 34
=========================================
For top 93 
Precision: 0.009826 
Recall: 0.216845 
fscore: 0.018500 
Top 93 hit: 34
=========================================
For top 94 
Precision: 0.009905 
Recall: 0.222592 
fscore: 0.018670 
Top 94 hit: 34
=========================================
For top 95 
Precision: 0.009800 
Recall: 0.222592 
fscore: 0.018484 
Top 95 hit: 34
=========================================
For top 96 
Precision: 0.009698 
Recall: 0.222592 
fscore: 0.018302 
Top 96 hit: 34
=========================================
For top 97 
Precision: 0.009776 
Recall: 0.231212 
fscore: 0.018472 
Top 97 hit: 35
=========================================
For top 98 
Precision: 0.009676 
Recall: 0.231212 
fscore: 0.018294 
Top 98 hit: 35
=========================================
For top 99 
Precision: 0.009579 
Recall: 0.231212 
fscore: 0.018119 
Top 99 hit: 35
=========================================
For top 100 
Precision: 0.009483 
Recall: 0.231212 
fscore: 0.017947 
Top 100 hit: 35
=========================================
For top 101 
Precision: 0.009389 
Recall: 0.231212 
fscore: 0.017779 
Top 101 hit: 35
=========================================
For top 102 
Precision: 0.009297 
Recall: 0.231212 
fscore: 0.017613 
Top 102 hit: 35
=========================================
For top 103 
Precision: 0.009374 
Recall: 0.234661 
fscore: 0.017770 
Top 103 hit: 35
=========================================
For top 104 
Precision: 0.009450 
Recall: 0.243281 
fscore: 0.017933 
Top 104 hit: 36
=========================================
For top 105 
Precision: 0.009360 
Recall: 0.243281 
fscore: 0.017771 
Top 105 hit: 36
=========================================
For top 106 
Precision: 0.009271 
Recall: 0.243281 
fscore: 0.017612 
Top 106 hit: 36
=========================================
For top 107 
Precision: 0.009185 
Recall: 0.243281 
fscore: 0.017455 
Top 107 hit: 36
=========================================
For top 108 
Precision: 0.009259 
Recall: 0.245744 
fscore: 0.017601 
Top 108 hit: 36
=========================================
For top 109 
Precision: 0.009174 
Recall: 0.245744 
fscore: 0.017447 
Top 109 hit: 36
=========================================
For top 110 
Precision: 0.009404 
Recall: 0.267296 
fscore: 0.017909 
Top 110 hit: 38
=========================================
For top 111 
Precision: 0.009475 
Recall: 0.271606 
fscore: 0.018055 
Top 111 hit: 39
=========================================
For top 112 
Precision: 0.009544 
Recall: 0.277354 
fscore: 0.018201 
Top 112 hit: 39
=========================================
For top 113 
Precision: 0.009460 
Recall: 0.277354 
fscore: 0.018048 
Top 113 hit: 39
=========================================
For top 114 
Precision: 0.009528 
Recall: 0.285974 
fscore: 0.018194 
Top 114 hit: 40
=========================================
For top 115 
Precision: 0.009445 
Recall: 0.285974 
fscore: 0.018042 
Top 115 hit: 40
=========================================
For top 116 
Precision: 0.009512 
Recall: 0.290285 
fscore: 0.018181 
Top 116 hit: 40
=========================================
For top 117 
Precision: 0.009431 
Recall: 0.290285 
fscore: 0.018032 
Top 117 hit: 40
=========================================
For top 118 
Precision: 0.009643 
Recall: 0.307526 
fscore: 0.018461 
Top 118 hit: 42
=========================================
For top 119 
Precision: 0.010142 
Recall: 0.343446 
fscore: 0.019447 
Top 119 hit: 43
=========================================
For top 120 
Precision: 0.010345 
Recall: 0.349767 
fscore: 0.019841 
Top 120 hit: 44
=========================================
For top 121 
Precision: 0.010402 
Recall: 0.355515 
fscore: 0.019962 
Top 121 hit: 44
=========================================
For top 122 
Precision: 0.010599 
Recall: 0.359620 
fscore: 0.020328 
Top 122 hit: 44
=========================================
For top 123 
Precision: 0.010513 
Recall: 0.359620 
fscore: 0.020169 
Top 123 hit: 44
=========================================
For top 124 
Precision: 0.011263 
Recall: 0.386056 
fscore: 0.021629 
Top 124 hit: 46
=========================================
For top 125 
Precision: 0.011448 
Recall: 0.411918 
fscore: 0.022008 
Top 125 hit: 47
=========================================
For top 126 
Precision: 0.011494 
Recall: 0.429160 
fscore: 0.022112 
Top 126 hit: 48
=========================================
For top 127 
Precision: 0.011811 
Recall: 0.444554 
fscore: 0.022732 
Top 127 hit: 49
=========================================
For top 128 
Precision: 0.012123 
Recall: 0.459948 
fscore: 0.023343 
Top 128 hit: 50
=========================================
For top 129 
Precision: 0.012296 
Recall: 0.479652 
fscore: 0.023687 
Top 129 hit: 51
=========================================
For top 130 
Precision: 0.012334 
Recall: 0.485400 
fscore: 0.023771 
Top 130 hit: 51
=========================================
For top 131 
Precision: 0.012372 
Recall: 0.489710 
fscore: 0.023851 
Top 131 hit: 51
=========================================
For top 132 
Precision: 0.012931 
Recall: 0.514710 
fscore: 0.024945 
Top 132 hit: 52
=========================================
For top 133 
Precision: 0.013612 
Recall: 0.541721 
fscore: 0.026269 
Top 133 hit: 52
=========================================
For top 134 
Precision: 0.013896 
Recall: 0.561426 
fscore: 0.026831 
Top 134 hit: 53
=========================================
For top 135 
Precision: 0.014176 
Recall: 0.582978 
fscore: 0.027390 
Top 135 hit: 53
=========================================
For top 136 
Precision: 0.014072 
Recall: 0.582978 
fscore: 0.027196 
Top 136 hit: 53
=========================================
For top 137 
Precision: 0.013969 
Recall: 0.582978 
fscore: 0.027004 
Top 137 hit: 53
=========================================
For top 138 
Precision: 0.014243 
Recall: 0.593514 
fscore: 0.027535 
Top 138 hit: 53
=========================================
For top 139 
Precision: 0.014388 
Recall: 0.602709 
fscore: 0.027825 
Top 139 hit: 53
=========================================
For top 140 
Precision: 0.014655 
Recall: 0.612192 
fscore: 0.028340 
Top 140 hit: 53
=========================================
For top 141 
Precision: 0.014918 
Recall: 0.620238 
fscore: 0.028845 
Top 141 hit: 53
=========================================
For top 142 
Precision: 0.015299 
Recall: 0.638916 
fscore: 0.029593 
Top 142 hit: 53
=========================================
For top 143 
Precision: 0.015674 
Recall: 0.660181 
fscore: 0.030333 
Top 143 hit: 53
=========================================
For top 144 
Precision: 0.016403 
Recall: 0.692241 
fscore: 0.031751 
Top 144 hit: 53
=========================================
For top 145 
Precision: 0.016766 
Recall: 0.716954 
fscore: 0.032454 
Top 145 hit: 54
=========================================
For top 146 
Precision: 0.017359 
Recall: 0.742597 
fscore: 0.033608 
Top 146 hit: 54
=========================================
For top 147 
Precision: 0.017476 
Recall: 0.752655 
fscore: 0.033845 
Top 147 hit: 54
=========================================
For top 148 
Precision: 0.017358 
Recall: 0.752655 
fscore: 0.033623 
Top 148 hit: 54
=========================================
For top 149 
Precision: 0.017241 
Recall: 0.752655 
fscore: 0.033404 
Top 149 hit: 54
=========================================
For top 150 
Precision: 0.017241 
Recall: 0.758402 
fscore: 0.033414 
Top 150 hit: 54
=========================================
For top 151 
Precision: 0.017470 
Recall: 0.777559 
fscore: 0.033866 
Top 151 hit: 55
=========================================
For top 152 
Precision: 0.017809 
Recall: 0.798248 
fscore: 0.034535 
Top 152 hit: 55
=========================================
For top 153 
Precision: 0.017805 
Recall: 0.815490 
fscore: 0.034540 
Top 153 hit: 56
=========================================
For top 154 
Precision: 0.017801 
Recall: 0.818938 
fscore: 0.034539 
Top 154 hit: 56
=========================================
For top 155 
Precision: 0.017798 
Recall: 0.827559 
fscore: 0.034543 
Top 155 hit: 56
=========================================
For top 156 
Precision: 0.017794 
Recall: 0.833306 
fscore: 0.034545 
Top 156 hit: 56
=========================================
For top 157 
Precision: 0.017681 
Recall: 0.833306 
fscore: 0.034331 
Top 157 hit: 56
=========================================
For top 158 
Precision: 0.017569 
Recall: 0.833306 
fscore: 0.034120 
Top 158 hit: 56
=========================================
For top 159 
Precision: 0.017458 
Recall: 0.833306 
fscore: 0.033911 
Top 159 hit: 56
=========================================
For top 160 
Precision: 0.017349 
Recall: 0.833306 
fscore: 0.033705 
Top 160 hit: 56
=========================================
For top 161 
Precision: 0.017348 
Recall: 0.839053 
fscore: 0.033712 
Top 161 hit: 56
=========================================
For top 162 
Precision: 0.017241 
Recall: 0.839053 
fscore: 0.033510 
Top 162 hit: 56
=========================================
For top 163 
Precision: 0.017241 
Recall: 0.841927 
fscore: 0.033514 
Top 163 hit: 56
=========================================
For top 164 
Precision: 0.017347 
Recall: 0.876409 
fscore: 0.033733 
Top 164 hit: 58
=========================================
For top 165 
Precision: 0.017450 
Recall: 0.883388 
fscore: 0.033932 
Top 165 hit: 58
=========================================
For top 166 
Precision: 0.017345 
Recall: 0.883388 
fscore: 0.033734 
Top 166 hit: 58
=========================================
For top 167 
Precision: 0.017241 
Recall: 0.883388 
fscore: 0.033537 
Top 167 hit: 58
=========================================
For top 168 
Precision: 0.017241 
Recall: 0.884620 
fscore: 0.033532 
Top 168 hit: 58
=========================================
MRR: 0.462150317727 
MAP: 0.15693307152264446 
