=================
total of classes: 117; total bugs: 97; =================
Test/Train split
train recodes: 77 
test recodes: 20 
result for the vsm
============For top 1 
Precision: 0.250000 
Recall: 0.044074 
fscore: 0.065857 
Top 1 hit: 5
=========================================
For top 2 
Precision: 0.200000 
Recall: 0.098796 
fscore: 0.095476 
Top 2 hit: 6
=========================================
For top 3 
Precision: 0.166667 
Recall: 0.117315 
fscore: 0.098858 
Top 3 hit: 7
=========================================
For top 4 
Precision: 0.125000 
Recall: 0.117315 
fscore: 0.085430 
Top 4 hit: 7
=========================================
For top 5 
Precision: 0.120000 
Recall: 0.122500 
fscore: 0.083817 
Top 5 hit: 7
=========================================
For top 6 
Precision: 0.108333 
Recall: 0.124352 
fscore: 0.079066 
Top 6 hit: 7
=========================================
For top 7 
Precision: 0.107143 
Recall: 0.129537 
fscore: 0.080241 
Top 7 hit: 7
=========================================
For top 8 
Precision: 0.100000 
Recall: 0.130926 
fscore: 0.077031 
Top 8 hit: 7
=========================================
For top 9 
Precision: 0.094444 
Recall: 0.132315 
fscore: 0.074561 
Top 9 hit: 7
=========================================
For top 10 
Precision: 0.095000 
Recall: 0.135556 
fscore: 0.075345 
Top 10 hit: 7
=========================================
For top 11 
Precision: 0.090909 
Recall: 0.136944 
fscore: 0.073775 
Top 11 hit: 7
=========================================
For top 12 
Precision: 0.091667 
Recall: 0.140185 
fscore: 0.075099 
Top 12 hit: 7
=========================================
For top 13 
Precision: 0.096154 
Recall: 0.146759 
fscore: 0.080126 
Top 13 hit: 7
=========================================
For top 14 
Precision: 0.089286 
Recall: 0.146759 
fscore: 0.077108 
Top 14 hit: 7
=========================================
For top 15 
Precision: 0.090000 
Recall: 0.150000 
fscore: 0.078693 
Top 15 hit: 7
=========================================
For top 16 
Precision: 0.087500 
Recall: 0.151389 
fscore: 0.077991 
Top 16 hit: 7
=========================================
For top 17 
Precision: 0.082353 
Recall: 0.151389 
fscore: 0.075528 
Top 17 hit: 7
=========================================
For top 18 
Precision: 0.080556 
Recall: 0.152778 
fscore: 0.075092 
Top 18 hit: 7
=========================================
For top 19 
Precision: 0.076316 
Recall: 0.152778 
fscore: 0.072926 
Top 19 hit: 7
=========================================
For top 20 
Precision: 0.075000 
Recall: 0.154167 
fscore: 0.072685 
Top 20 hit: 7
=========================================
For top 21 
Precision: 0.071429 
Recall: 0.154167 
fscore: 0.070751 
Top 21 hit: 7
=========================================
For top 22 
Precision: 0.070455 
Recall: 0.164167 
fscore: 0.072635 
Top 22 hit: 8
=========================================
For top 23 
Precision: 0.069565 
Recall: 0.174167 
fscore: 0.074356 
Top 23 hit: 8
=========================================
For top 24 
Precision: 0.066667 
Recall: 0.174167 
fscore: 0.072485 
Top 24 hit: 8
=========================================
For top 25 
Precision: 0.066000 
Recall: 0.176019 
fscore: 0.072639 
Top 25 hit: 8
=========================================
For top 26 
Precision: 0.067308 
Recall: 0.179259 
fscore: 0.074426 
Top 26 hit: 8
=========================================
For top 27 
Precision: 0.066667 
Recall: 0.180648 
fscore: 0.074326 
Top 27 hit: 8
=========================================
For top 28 
Precision: 0.066071 
Recall: 0.182037 
fscore: 0.074258 
Top 28 hit: 8
=========================================
For top 29 
Precision: 0.065517 
Recall: 0.183426 
fscore: 0.074219 
Top 29 hit: 8
=========================================
For top 30 
Precision: 0.066667 
Recall: 0.234815 
fscore: 0.077429 
Top 30 hit: 9
=========================================
For top 31 
Precision: 0.064516 
Recall: 0.234815 
fscore: 0.075842 
Top 31 hit: 9
=========================================
For top 32 
Precision: 0.062500 
Recall: 0.234815 
fscore: 0.074324 
Top 32 hit: 9
=========================================
For top 33 
Precision: 0.063636 
Recall: 0.238056 
fscore: 0.075987 
Top 33 hit: 9
=========================================
For top 34 
Precision: 0.061765 
Recall: 0.238056 
fscore: 0.074545 
Top 34 hit: 9
=========================================
For top 35 
Precision: 0.061429 
Recall: 0.239444 
fscore: 0.074569 
Top 35 hit: 9
=========================================
For top 36 
Precision: 0.061111 
Recall: 0.289444 
fscore: 0.075922 
Top 36 hit: 10
=========================================
For top 37 
Precision: 0.059459 
Recall: 0.289444 
fscore: 0.074553 
Top 37 hit: 10
=========================================
For top 38 
Precision: 0.059211 
Recall: 0.290833 
fscore: 0.074586 
Top 38 hit: 10
=========================================
For top 39 
Precision: 0.057692 
Recall: 0.290833 
fscore: 0.073299 
Top 39 hit: 10
=========================================
For top 40 
Precision: 0.056250 
Recall: 0.290833 
fscore: 0.072058 
Top 40 hit: 10
=========================================
For top 41 
Precision: 0.054878 
Recall: 0.290833 
fscore: 0.070861 
Top 41 hit: 10
=========================================
For top 42 
Precision: 0.053571 
Recall: 0.290833 
fscore: 0.069705 
Top 42 hit: 10
=========================================
For top 43 
Precision: 0.052326 
Recall: 0.290833 
fscore: 0.068589 
Top 43 hit: 10
=========================================
For top 44 
Precision: 0.051136 
Recall: 0.290833 
fscore: 0.067509 
Top 44 hit: 10
=========================================
For top 45 
Precision: 0.051111 
Recall: 0.292222 
fscore: 0.067699 
Top 45 hit: 10
=========================================
For top 46 
Precision: 0.050000 
Recall: 0.292222 
fscore: 0.066674 
Top 46 hit: 10
=========================================
For top 47 
Precision: 0.050000 
Recall: 0.294074 
fscore: 0.067031 
Top 47 hit: 10
=========================================
For top 48 
Precision: 0.051042 
Recall: 0.307963 
fscore: 0.069163 
Top 48 hit: 10
=========================================
For top 49 
Precision: 0.050000 
Recall: 0.307963 
fscore: 0.068161 
Top 49 hit: 10
=========================================
For top 50 
Precision: 0.051000 
Recall: 0.312685 
fscore: 0.069890 
Top 50 hit: 10
=========================================
For top 51 
Precision: 0.050000 
Recall: 0.312685 
fscore: 0.068910 
Top 51 hit: 10
=========================================
For top 52 
Precision: 0.050000 
Recall: 0.314074 
fscore: 0.069094 
Top 52 hit: 10
=========================================
For top 53 
Precision: 0.049057 
Recall: 0.314074 
fscore: 0.068156 
Top 53 hit: 10
=========================================
For top 54 
Precision: 0.049074 
Recall: 0.317407 
fscore: 0.068694 
Top 54 hit: 10
=========================================
For top 55 
Precision: 0.050000 
Recall: 0.320648 
fscore: 0.070105 
Top 55 hit: 10
=========================================
For top 56 
Precision: 0.050000 
Recall: 0.322500 
fscore: 0.070400 
Top 56 hit: 10
=========================================
For top 57 
Precision: 0.049123 
Recall: 0.322500 
fscore: 0.069500 
Top 57 hit: 10
=========================================
For top 58 
Precision: 0.048276 
Recall: 0.322500 
fscore: 0.068623 
Top 58 hit: 10
=========================================
For top 59 
Precision: 0.049153 
Recall: 0.333889 
fscore: 0.070384 
Top 59 hit: 10
=========================================
For top 60 
Precision: 0.051667 
Recall: 0.357130 
fscore: 0.074628 
Top 60 hit: 10
=========================================
For top 61 
Precision: 0.051639 
Recall: 0.358981 
fscore: 0.074853 
Top 61 hit: 10
=========================================
For top 62 
Precision: 0.051613 
Recall: 0.362315 
fscore: 0.075250 
Top 62 hit: 10
=========================================
For top 63 
Precision: 0.050794 
Recall: 0.362315 
fscore: 0.074353 
Top 63 hit: 10
=========================================
For top 64 
Precision: 0.050000 
Recall: 0.362315 
fscore: 0.073478 
Top 64 hit: 10
=========================================
For top 65 
Precision: 0.049231 
Recall: 0.362315 
fscore: 0.072624 
Top 65 hit: 10
=========================================
For top 66 
Precision: 0.048485 
Recall: 0.362315 
fscore: 0.071791 
Top 66 hit: 10
=========================================
For top 67 
Precision: 0.050000 
Recall: 0.415556 
fscore: 0.074481 
Top 67 hit: 11
=========================================
For top 68 
Precision: 0.049265 
Recall: 0.415556 
fscore: 0.073644 
Top 68 hit: 11
=========================================
For top 69 
Precision: 0.048551 
Recall: 0.415556 
fscore: 0.072825 
Top 69 hit: 11
=========================================
For top 70 
Precision: 0.049286 
Recall: 0.418796 
fscore: 0.073999 
Top 70 hit: 11
=========================================
For top 71 
Precision: 0.048592 
Recall: 0.418796 
fscore: 0.073198 
Top 71 hit: 11
=========================================
For top 72 
Precision: 0.047917 
Recall: 0.418796 
fscore: 0.072414 
Top 72 hit: 11
=========================================
For top 73 
Precision: 0.047945 
Recall: 0.420648 
fscore: 0.072647 
Top 73 hit: 11
=========================================
For top 74 
Precision: 0.047297 
Recall: 0.420648 
fscore: 0.071886 
Top 74 hit: 11
=========================================
For top 75 
Precision: 0.047333 
Recall: 0.470648 
fscore: 0.072457 
Top 75 hit: 12
=========================================
For top 76 
Precision: 0.046711 
Recall: 0.470648 
fscore: 0.071711 
Top 76 hit: 12
=========================================
For top 77 
Precision: 0.046104 
Recall: 0.470648 
fscore: 0.070981 
Top 77 hit: 12
=========================================
For top 78 
Precision: 0.046154 
Recall: 0.473981 
fscore: 0.071341 
Top 78 hit: 12
=========================================
For top 79 
Precision: 0.045570 
Recall: 0.473981 
fscore: 0.070628 
Top 79 hit: 12
=========================================
For top 80 
Precision: 0.045000 
Recall: 0.473981 
fscore: 0.069930 
Top 80 hit: 12
=========================================
For top 81 
Precision: 0.045062 
Recall: 0.475833 
fscore: 0.070172 
Top 81 hit: 12
=========================================
For top 82 
Precision: 0.045732 
Recall: 0.479074 
fscore: 0.071258 
Top 82 hit: 12
=========================================
For top 83 
Precision: 0.045181 
Recall: 0.479074 
fscore: 0.070577 
Top 83 hit: 12
=========================================
For top 84 
Precision: 0.044643 
Recall: 0.479074 
fscore: 0.069908 
Top 84 hit: 12
=========================================
For top 85 
Precision: 0.044706 
Recall: 0.480926 
fscore: 0.070146 
Top 85 hit: 12
=========================================
For top 86 
Precision: 0.044186 
Recall: 0.480926 
fscore: 0.069495 
Top 86 hit: 12
=========================================
For top 87 
Precision: 0.043678 
Recall: 0.480926 
fscore: 0.068856 
Top 87 hit: 12
=========================================
For top 88 
Precision: 0.043750 
Recall: 0.490926 
fscore: 0.069304 
Top 88 hit: 12
=========================================
For top 89 
Precision: 0.043258 
Recall: 0.490926 
fscore: 0.068677 
Top 89 hit: 12
=========================================
For top 90 
Precision: 0.042778 
Recall: 0.490926 
fscore: 0.068062 
Top 90 hit: 12
=========================================
For top 91 
Precision: 0.042857 
Recall: 0.503426 
fscore: 0.068510 
Top 91 hit: 12
=========================================
For top 92 
Precision: 0.042935 
Recall: 0.553426 
fscore: 0.068980 
Top 92 hit: 13
=========================================
For top 93 
Precision: 0.043548 
Recall: 0.604815 
fscore: 0.070214 
Top 93 hit: 14
=========================================
For top 94 
Precision: 0.044681 
Recall: 0.611389 
fscore: 0.072115 
Top 94 hit: 14
=========================================
For top 95 
Precision: 0.045263 
Recall: 0.616111 
fscore: 0.073166 
Top 95 hit: 14
=========================================
For top 96 
Precision: 0.044792 
Recall: 0.616111 
fscore: 0.072541 
Top 96 hit: 14
=========================================
For top 97 
Precision: 0.044330 
Recall: 0.616111 
fscore: 0.071926 
Top 97 hit: 14
=========================================
For top 98 
Precision: 0.044388 
Recall: 0.666111 
fscore: 0.072332 
Top 98 hit: 15
=========================================
For top 99 
Precision: 0.045455 
Recall: 0.721296 
fscore: 0.074399 
Top 99 hit: 16
=========================================
For top 100 
Precision: 0.046000 
Recall: 0.726019 
fscore: 0.075386 
Top 100 hit: 16
=========================================
For top 101 
Precision: 0.046040 
Recall: 0.727407 
fscore: 0.075496 
Top 101 hit: 16
=========================================
For top 102 
Precision: 0.046078 
Recall: 0.777407 
fscore: 0.075852 
Top 102 hit: 17
=========================================
For top 103 
Precision: 0.045631 
Recall: 0.777407 
fscore: 0.075237 
Top 103 hit: 17
=========================================
For top 104 
Precision: 0.045192 
Recall: 0.777407 
fscore: 0.074633 
Top 104 hit: 17
=========================================
For top 105 
Precision: 0.044762 
Recall: 0.777407 
fscore: 0.074038 
Top 105 hit: 17
=========================================
For top 106 
Precision: 0.044811 
Recall: 0.794074 
fscore: 0.074370 
Top 106 hit: 17
=========================================
For top 107 
Precision: 0.045794 
Recall: 0.857407 
fscore: 0.076424 
Top 107 hit: 18
=========================================
For top 108 
Precision: 0.045370 
Recall: 0.857407 
fscore: 0.075826 
Top 108 hit: 18
=========================================
For top 109 
Precision: 0.044954 
Recall: 0.857407 
fscore: 0.075237 
Top 109 hit: 18
=========================================
For top 110 
Precision: 0.045000 
Recall: 0.859259 
fscore: 0.075388 
Top 110 hit: 18
=========================================
For top 111 
Precision: 0.045495 
Recall: 0.911111 
fscore: 0.076429 
Top 111 hit: 19
=========================================
For top 112 
Precision: 0.045089 
Recall: 0.911111 
fscore: 0.075849 
Top 112 hit: 19
=========================================
For top 113 
Precision: 0.045133 
Recall: 0.936111 
fscore: 0.076147 
Top 113 hit: 19
=========================================
For top 114 
Precision: 0.045614 
Recall: 0.998611 
fscore: 0.077294 
Top 114 hit: 20
=========================================
For top 115 
Precision: 0.045217 
Recall: 0.998611 
fscore: 0.076718 
Top 115 hit: 20
=========================================
For top 116 
Precision: 0.045259 
Recall: 1.000000 
fscore: 0.076808 
Top 116 hit: 20
=========================================
For top 117 
Precision: 0.044872 
Recall: 1.000000 
fscore: 0.076245 
Top 117 hit: 20
=========================================
MRR: 0.302350784814 
MAP: 0.14425544980432672 
Total words: 7 ; train data dimemsion:(369, 250) ;result for the deep_rnn
============For top 1 
Precision: 0.050000 
Recall: 0.001389 
fscore: 0.002703 
Top 1 hit: 1
=========================================
For top 2 
Precision: 0.100000 
Recall: 0.016111 
fscore: 0.025431 
Top 2 hit: 3
=========================================
For top 3 
Precision: 0.083333 
Recall: 0.017500 
fscore: 0.025748 
Top 3 hit: 3
=========================================
For top 4 
Precision: 0.100000 
Recall: 0.119352 
fscore: 0.067100 
Top 4 hit: 6
=========================================
For top 5 
Precision: 0.090000 
Recall: 0.122685 
fscore: 0.063775 
Top 5 hit: 6
=========================================
For top 6 
Precision: 0.091667 
Recall: 0.157685 
fscore: 0.078950 
Top 6 hit: 7
=========================================
For top 7 
Precision: 0.100000 
Recall: 0.259537 
fscore: 0.099728 
Top 7 hit: 9
=========================================
For top 8 
Precision: 0.100000 
Recall: 0.273426 
fscore: 0.101663 
Top 8 hit: 10
=========================================
For top 9 
Precision: 0.100000 
Recall: 0.276667 
fscore: 0.098847 
Top 9 hit: 10
=========================================
For top 10 
Precision: 0.095000 
Recall: 0.326667 
fscore: 0.101242 
Top 10 hit: 11
=========================================
For top 11 
Precision: 0.086364 
Recall: 0.326667 
fscore: 0.094751 
Top 11 hit: 11
=========================================
For top 12 
Precision: 0.087500 
Recall: 0.386667 
fscore: 0.102710 
Top 12 hit: 12
=========================================
For top 13 
Precision: 0.084615 
Recall: 0.388519 
fscore: 0.099420 
Top 13 hit: 12
=========================================
For top 14 
Precision: 0.078571 
Recall: 0.388519 
fscore: 0.094248 
Top 14 hit: 12
=========================================
For top 15 
Precision: 0.076667 
Recall: 0.389907 
fscore: 0.091601 
Top 15 hit: 12
=========================================
For top 16 
Precision: 0.071875 
Recall: 0.389907 
fscore: 0.087428 
Top 16 hit: 12
=========================================
For top 17 
Precision: 0.067647 
Recall: 0.389907 
fscore: 0.083656 
Top 17 hit: 12
=========================================
For top 18 
Precision: 0.063889 
Recall: 0.389907 
fscore: 0.080228 
Top 18 hit: 12
=========================================
For top 19 
Precision: 0.063158 
Recall: 0.439907 
fscore: 0.082097 
Top 19 hit: 13
=========================================
For top 20 
Precision: 0.065000 
Recall: 0.443148 
fscore: 0.082898 
Top 20 hit: 13
=========================================
For top 21 
Precision: 0.064286 
Recall: 0.445000 
fscore: 0.082041 
Top 21 hit: 13
=========================================
For top 22 
Precision: 0.061364 
Recall: 0.445000 
fscore: 0.079278 
Top 22 hit: 13
=========================================
For top 23 
Precision: 0.063043 
Recall: 0.450185 
fscore: 0.081344 
Top 23 hit: 13
=========================================
For top 24 
Precision: 0.062500 
Recall: 0.453519 
fscore: 0.081411 
Top 24 hit: 13
=========================================
For top 25 
Precision: 0.062000 
Recall: 0.454907 
fscore: 0.080651 
Top 25 hit: 13
=========================================
For top 26 
Precision: 0.061538 
Recall: 0.456759 
fscore: 0.080262 
Top 26 hit: 13
=========================================
For top 27 
Precision: 0.059259 
Recall: 0.456759 
fscore: 0.078086 
Top 27 hit: 13
=========================================
For top 28 
Precision: 0.060714 
Recall: 0.460000 
fscore: 0.079416 
Top 28 hit: 13
=========================================
For top 29 
Precision: 0.058621 
Recall: 0.460000 
fscore: 0.077421 
Top 29 hit: 13
=========================================
For top 30 
Precision: 0.058333 
Recall: 0.461852 
fscore: 0.077287 
Top 30 hit: 13
=========================================
For top 31 
Precision: 0.059677 
Recall: 0.466574 
fscore: 0.079132 
Top 31 hit: 13
=========================================
For top 32 
Precision: 0.060937 
Recall: 0.469815 
fscore: 0.080498 
Top 32 hit: 13
=========================================
For top 33 
Precision: 0.062121 
Recall: 0.523148 
fscore: 0.083759 
Top 33 hit: 14
=========================================
For top 34 
Precision: 0.063235 
Recall: 0.526389 
fscore: 0.085019 
Top 34 hit: 14
=========================================
For top 35 
Precision: 0.061429 
Recall: 0.526389 
fscore: 0.083245 
Top 35 hit: 14
=========================================
For top 36 
Precision: 0.061111 
Recall: 0.527778 
fscore: 0.082938 
Top 36 hit: 14
=========================================
For top 37 
Precision: 0.059459 
Recall: 0.527778 
fscore: 0.081295 
Top 37 hit: 14
=========================================
For top 38 
Precision: 0.059211 
Recall: 0.529630 
fscore: 0.081259 
Top 38 hit: 14
=========================================
For top 39 
Precision: 0.058974 
Recall: 0.531019 
fscore: 0.081058 
Top 39 hit: 14
=========================================
For top 40 
Precision: 0.060000 
Recall: 0.535741 
fscore: 0.082700 
Top 40 hit: 14
=========================================
For top 41 
Precision: 0.058537 
Recall: 0.535741 
fscore: 0.081215 
Top 41 hit: 14
=========================================
For top 42 
Precision: 0.058333 
Recall: 0.537593 
fscore: 0.081236 
Top 42 hit: 14
=========================================
For top 43 
Precision: 0.058140 
Recall: 0.539444 
fscore: 0.081267 
Top 43 hit: 14
=========================================
For top 44 
Precision: 0.059091 
Recall: 0.590833 
fscore: 0.083371 
Top 44 hit: 15
=========================================
For top 45 
Precision: 0.057778 
Recall: 0.590833 
fscore: 0.081987 
Top 45 hit: 15
=========================================
For top 46 
Precision: 0.057609 
Recall: 0.592685 
fscore: 0.082020 
Top 46 hit: 15
=========================================
For top 47 
Precision: 0.056383 
Recall: 0.592685 
fscore: 0.080710 
Top 47 hit: 15
=========================================
For top 48 
Precision: 0.055208 
Recall: 0.592685 
fscore: 0.079443 
Top 48 hit: 15
=========================================
For top 49 
Precision: 0.054082 
Recall: 0.592685 
fscore: 0.078217 
Top 49 hit: 15
=========================================
For top 50 
Precision: 0.054000 
Recall: 0.594537 
fscore: 0.078328 
Top 50 hit: 15
=========================================
For top 51 
Precision: 0.052941 
Recall: 0.594537 
fscore: 0.077162 
Top 51 hit: 15
=========================================
For top 52 
Precision: 0.051923 
Recall: 0.594537 
fscore: 0.076030 
Top 52 hit: 15
=========================================
For top 53 
Precision: 0.050943 
Recall: 0.594537 
fscore: 0.074933 
Top 53 hit: 15
=========================================
For top 54 
Precision: 0.050000 
Recall: 0.594537 
fscore: 0.073869 
Top 54 hit: 15
=========================================
For top 55 
Precision: 0.049091 
Recall: 0.594537 
fscore: 0.072835 
Top 55 hit: 15
=========================================
For top 56 
Precision: 0.048214 
Recall: 0.594537 
fscore: 0.071831 
Top 56 hit: 15
=========================================
For top 57 
Precision: 0.048246 
Recall: 0.597870 
fscore: 0.072244 
Top 57 hit: 15
=========================================
For top 58 
Precision: 0.048276 
Recall: 0.599259 
fscore: 0.072340 
Top 58 hit: 15
=========================================
For top 59 
Precision: 0.049153 
Recall: 0.674259 
fscore: 0.074693 
Top 59 hit: 16
=========================================
For top 60 
Precision: 0.049167 
Recall: 0.724259 
fscore: 0.075352 
Top 60 hit: 17
=========================================
For top 61 
Precision: 0.049180 
Recall: 0.774259 
fscore: 0.075984 
Top 61 hit: 18
=========================================
For top 62 
Precision: 0.050000 
Recall: 0.777500 
fscore: 0.077147 
Top 62 hit: 18
=========================================
For top 63 
Precision: 0.049206 
Recall: 0.777500 
fscore: 0.076169 
Top 63 hit: 18
=========================================
For top 64 
Precision: 0.048438 
Recall: 0.777500 
fscore: 0.075217 
Top 64 hit: 18
=========================================
For top 65 
Precision: 0.048462 
Recall: 0.778889 
fscore: 0.075279 
Top 65 hit: 18
=========================================
For top 66 
Precision: 0.048485 
Recall: 0.780278 
fscore: 0.075345 
Top 66 hit: 18
=========================================
For top 67 
Precision: 0.049254 
Recall: 0.794167 
fscore: 0.076823 
Top 67 hit: 18
=========================================
For top 68 
Precision: 0.049265 
Recall: 0.796019 
fscore: 0.076967 
Top 68 hit: 18
=========================================
For top 69 
Precision: 0.049275 
Recall: 0.797870 
fscore: 0.077111 
Top 69 hit: 18
=========================================
For top 70 
Precision: 0.048571 
Recall: 0.797870 
fscore: 0.076224 
Top 70 hit: 18
=========================================
For top 71 
Precision: 0.048592 
Recall: 0.801204 
fscore: 0.076520 
Top 71 hit: 18
=========================================
For top 72 
Precision: 0.047917 
Recall: 0.801204 
fscore: 0.075660 
Top 72 hit: 18
=========================================
For top 73 
Precision: 0.047260 
Recall: 0.801204 
fscore: 0.074820 
Top 73 hit: 18
=========================================
For top 74 
Precision: 0.046622 
Recall: 0.801204 
fscore: 0.073998 
Top 74 hit: 18
=========================================
For top 75 
Precision: 0.046667 
Recall: 0.802593 
fscore: 0.074096 
Top 75 hit: 18
=========================================
For top 76 
Precision: 0.046053 
Recall: 0.802593 
fscore: 0.073303 
Top 76 hit: 18
=========================================
For top 77 
Precision: 0.046104 
Recall: 0.803981 
fscore: 0.073411 
Top 77 hit: 18
=========================================
For top 78 
Precision: 0.046154 
Recall: 0.805833 
fscore: 0.073596 
Top 78 hit: 18
=========================================
For top 79 
Precision: 0.046203 
Recall: 0.807222 
fscore: 0.073706 
Top 79 hit: 18
=========================================
For top 80 
Precision: 0.046250 
Recall: 0.808611 
fscore: 0.073816 
Top 80 hit: 18
=========================================
For top 81 
Precision: 0.046296 
Recall: 0.810000 
fscore: 0.073927 
Top 81 hit: 18
=========================================
For top 82 
Precision: 0.046341 
Recall: 0.811389 
fscore: 0.074038 
Top 82 hit: 18
=========================================
For top 83 
Precision: 0.045783 
Recall: 0.811389 
fscore: 0.073310 
Top 83 hit: 18
=========================================
For top 84 
Precision: 0.045833 
Recall: 0.814722 
fscore: 0.073607 
Top 84 hit: 18
=========================================
For top 85 
Precision: 0.045294 
Recall: 0.814722 
fscore: 0.072897 
Top 85 hit: 18
=========================================
For top 86 
Precision: 0.045930 
Recall: 0.819444 
fscore: 0.074011 
Top 86 hit: 18
=========================================
For top 87 
Precision: 0.045977 
Recall: 0.836111 
fscore: 0.074423 
Top 87 hit: 19
=========================================
For top 88 
Precision: 0.046023 
Recall: 0.837500 
fscore: 0.074532 
Top 88 hit: 19
=========================================
For top 89 
Precision: 0.045506 
Recall: 0.837500 
fscore: 0.073840 
Top 89 hit: 19
=========================================
For top 90 
Precision: 0.045000 
Recall: 0.837500 
fscore: 0.073162 
Top 90 hit: 19
=========================================
For top 91 
Precision: 0.045055 
Recall: 0.839352 
fscore: 0.073344 
Top 91 hit: 19
=========================================
For top 92 
Precision: 0.045652 
Recall: 0.851204 
fscore: 0.074555 
Top 92 hit: 19
=========================================
For top 93 
Precision: 0.045699 
Recall: 0.852593 
fscore: 0.074664 
Top 93 hit: 19
=========================================
For top 94 
Precision: 0.046809 
Recall: 0.870278 
fscore: 0.076768 
Top 94 hit: 19
=========================================
For top 95 
Precision: 0.046316 
Recall: 0.870278 
fscore: 0.076095 
Top 95 hit: 19
=========================================
For top 96 
Precision: 0.045833 
Recall: 0.870278 
fscore: 0.075433 
Top 96 hit: 19
=========================================
For top 97 
Precision: 0.045876 
Recall: 0.920278 
fscore: 0.075803 
Top 97 hit: 20
=========================================
For top 98 
Precision: 0.045918 
Recall: 0.921667 
fscore: 0.075900 
Top 98 hit: 20
=========================================
For top 99 
Precision: 0.045960 
Recall: 0.925000 
fscore: 0.076133 
Top 99 hit: 20
=========================================
For top 100 
Precision: 0.046000 
Recall: 0.928333 
fscore: 0.076363 
Top 100 hit: 20
=========================================
For top 101 
Precision: 0.045545 
Recall: 0.928333 
fscore: 0.075726 
Top 101 hit: 20
=========================================
For top 102 
Precision: 0.045588 
Recall: 0.929722 
fscore: 0.075824 
Top 102 hit: 20
=========================================
For top 103 
Precision: 0.045631 
Recall: 0.946389 
fscore: 0.076147 
Top 103 hit: 20
=========================================
For top 104 
Precision: 0.045192 
Recall: 0.946389 
fscore: 0.075527 
Top 104 hit: 20
=========================================
For top 105 
Precision: 0.045714 
Recall: 0.964444 
fscore: 0.076552 
Top 105 hit: 20
=========================================
For top 106 
Precision: 0.046226 
Recall: 0.967685 
fscore: 0.077395 
Top 106 hit: 20
=========================================
For top 107 
Precision: 0.046262 
Recall: 0.969537 
fscore: 0.077528 
Top 107 hit: 20
=========================================
For top 108 
Precision: 0.045833 
Recall: 0.969537 
fscore: 0.076918 
Top 108 hit: 20
=========================================
For top 109 
Precision: 0.045872 
Recall: 0.970926 
fscore: 0.077008 
Top 109 hit: 20
=========================================
For top 110 
Precision: 0.045455 
Recall: 0.970926 
fscore: 0.076413 
Top 110 hit: 20
=========================================
For top 111 
Precision: 0.046847 
Recall: 0.998611 
fscore: 0.079077 
Top 111 hit: 20
=========================================
For top 112 
Precision: 0.046429 
Recall: 0.998611 
fscore: 0.078473 
Top 112 hit: 20
=========================================
For top 113 
Precision: 0.046018 
Recall: 0.998611 
fscore: 0.077879 
Top 113 hit: 20
=========================================
For top 114 
Precision: 0.046053 
Recall: 1.000000 
fscore: 0.077961 
Top 114 hit: 20
=========================================
For top 115 
Precision: 0.045652 
Recall: 1.000000 
fscore: 0.077380 
Top 115 hit: 20
=========================================
For top 116 
Precision: 0.045259 
Recall: 1.000000 
fscore: 0.076808 
Top 116 hit: 20
=========================================
For top 117 
Precision: 0.044872 
Recall: 1.000000 
fscore: 0.076245 
Top 117 hit: 20
=========================================
MRR: 0.184409448037 
MAP: 0.12092107468332369 
result for the ensemble
============For top 1 
Precision: 0.200000 
Recall: 0.067222 
fscore: 0.078953 
Top 1 hit: 4
=========================================
For top 2 
Precision: 0.150000 
Recall: 0.071944 
fscore: 0.067028 
Top 2 hit: 4
=========================================
For top 3 
Precision: 0.166667 
Recall: 0.095185 
fscore: 0.083645 
Top 3 hit: 6
=========================================
For top 4 
Precision: 0.137500 
Recall: 0.096574 
fscore: 0.075801 
Top 4 hit: 6
=========================================
For top 5 
Precision: 0.120000 
Recall: 0.097963 
fscore: 0.070598 
Top 5 hit: 6
=========================================
For top 6 
Precision: 0.108333 
Recall: 0.099352 
fscore: 0.066999 
Top 6 hit: 6
=========================================
For top 7 
Precision: 0.100000 
Recall: 0.100741 
fscore: 0.064448 
Top 7 hit: 6
=========================================
For top 8 
Precision: 0.100000 
Recall: 0.103981 
fscore: 0.065475 
Top 8 hit: 6
=========================================
For top 9 
Precision: 0.094444 
Recall: 0.105370 
fscore: 0.064081 
Top 9 hit: 6
=========================================
For top 10 
Precision: 0.095000 
Recall: 0.108611 
fscore: 0.065773 
Top 10 hit: 6
=========================================
For top 11 
Precision: 0.090909 
Recall: 0.110000 
fscore: 0.064980 
Top 11 hit: 6
=========================================
For top 12 
Precision: 0.087500 
Recall: 0.111389 
fscore: 0.064412 
Top 12 hit: 6
=========================================
For top 13 
Precision: 0.084615 
Recall: 0.113241 
fscore: 0.064479 
Top 13 hit: 6
=========================================
For top 14 
Precision: 0.085714 
Recall: 0.116481 
fscore: 0.066645 
Top 14 hit: 6
=========================================
For top 15 
Precision: 0.086667 
Recall: 0.143333 
fscore: 0.072727 
Top 15 hit: 7
=========================================
For top 16 
Precision: 0.084375 
Recall: 0.144722 
fscore: 0.072255 
Top 16 hit: 7
=========================================
For top 17 
Precision: 0.079412 
Recall: 0.144722 
fscore: 0.070007 
Top 17 hit: 7
=========================================
For top 18 
Precision: 0.075000 
Recall: 0.144722 
fscore: 0.067921 
Top 18 hit: 7
=========================================
For top 19 
Precision: 0.073684 
Recall: 0.154722 
fscore: 0.070143 
Top 19 hit: 8
=========================================
For top 20 
Precision: 0.072500 
Recall: 0.158056 
fscore: 0.071016 
Top 20 hit: 8
=========================================
For top 21 
Precision: 0.071429 
Recall: 0.161389 
fscore: 0.071856 
Top 21 hit: 8
=========================================
For top 22 
Precision: 0.068182 
Recall: 0.161389 
fscore: 0.069961 
Top 22 hit: 8
=========================================
For top 23 
Precision: 0.065217 
Recall: 0.161389 
fscore: 0.068175 
Top 23 hit: 8
=========================================
For top 24 
Precision: 0.064583 
Recall: 0.171389 
fscore: 0.069936 
Top 24 hit: 8
=========================================
For top 25 
Precision: 0.062000 
Recall: 0.171389 
fscore: 0.068226 
Top 25 hit: 8
=========================================
For top 26 
Precision: 0.059615 
Recall: 0.171389 
fscore: 0.066605 
Top 26 hit: 8
=========================================
For top 27 
Precision: 0.057407 
Recall: 0.171389 
fscore: 0.065067 
Top 27 hit: 8
=========================================
For top 28 
Precision: 0.058929 
Recall: 0.174630 
fscore: 0.066986 
Top 28 hit: 8
=========================================
For top 29 
Precision: 0.058621 
Recall: 0.176481 
fscore: 0.067323 
Top 29 hit: 8
=========================================
For top 30 
Precision: 0.060000 
Recall: 0.227870 
fscore: 0.070651 
Top 30 hit: 9
=========================================
For top 31 
Precision: 0.058065 
Recall: 0.227870 
fscore: 0.069177 
Top 31 hit: 9
=========================================
For top 32 
Precision: 0.059375 
Recall: 0.279722 
fscore: 0.072494 
Top 32 hit: 10
=========================================
For top 33 
Precision: 0.059091 
Recall: 0.281111 
fscore: 0.072479 
Top 33 hit: 10
=========================================
For top 34 
Precision: 0.057353 
Recall: 0.281111 
fscore: 0.071056 
Top 34 hit: 10
=========================================
For top 35 
Precision: 0.058571 
Recall: 0.332963 
fscore: 0.074082 
Top 35 hit: 11
=========================================
For top 36 
Precision: 0.058333 
Recall: 0.334815 
fscore: 0.074260 
Top 36 hit: 11
=========================================
For top 37 
Precision: 0.058108 
Recall: 0.336667 
fscore: 0.074444 
Top 37 hit: 11
=========================================
For top 38 
Precision: 0.056579 
Recall: 0.336667 
fscore: 0.073096 
Top 38 hit: 11
=========================================
For top 39 
Precision: 0.056410 
Recall: 0.338519 
fscore: 0.073314 
Top 39 hit: 11
=========================================
For top 40 
Precision: 0.057500 
Recall: 0.341759 
fscore: 0.074850 
Top 40 hit: 11
=========================================
For top 41 
Precision: 0.056098 
Recall: 0.341759 
fscore: 0.073586 
Top 41 hit: 11
=========================================
For top 42 
Precision: 0.055952 
Recall: 0.354259 
fscore: 0.074539 
Top 42 hit: 11
=========================================
For top 43 
Precision: 0.055814 
Recall: 0.355648 
fscore: 0.074580 
Top 43 hit: 11
=========================================
For top 44 
Precision: 0.054545 
Recall: 0.355648 
fscore: 0.073382 
Top 44 hit: 11
=========================================
For top 45 
Precision: 0.054444 
Recall: 0.357037 
fscore: 0.073457 
Top 45 hit: 11
=========================================
For top 46 
Precision: 0.053261 
Recall: 0.357037 
fscore: 0.072321 
Top 46 hit: 11
=========================================
For top 47 
Precision: 0.052128 
Recall: 0.357037 
fscore: 0.071222 
Top 47 hit: 11
=========================================
For top 48 
Precision: 0.051042 
Recall: 0.357037 
fscore: 0.070156 
Top 48 hit: 11
=========================================
For top 49 
Precision: 0.051020 
Recall: 0.358426 
fscore: 0.070301 
Top 49 hit: 11
=========================================
For top 50 
Precision: 0.052000 
Recall: 0.363611 
fscore: 0.072123 
Top 50 hit: 11
=========================================
For top 51 
Precision: 0.050980 
Recall: 0.363611 
fscore: 0.071098 
Top 51 hit: 11
=========================================
For top 52 
Precision: 0.050000 
Recall: 0.363611 
fscore: 0.070104 
Top 52 hit: 11
=========================================
For top 53 
Precision: 0.050000 
Recall: 0.366944 
fscore: 0.070608 
Top 53 hit: 11
=========================================
For top 54 
Precision: 0.050000 
Recall: 0.368333 
fscore: 0.070759 
Top 54 hit: 11
=========================================
For top 55 
Precision: 0.049091 
Recall: 0.368333 
fscore: 0.069813 
Top 55 hit: 11
=========================================
For top 56 
Precision: 0.050000 
Recall: 0.373519 
fscore: 0.071506 
Top 56 hit: 11
=========================================
For top 57 
Precision: 0.049123 
Recall: 0.373519 
fscore: 0.070577 
Top 57 hit: 11
=========================================
For top 58 
Precision: 0.050000 
Recall: 0.408519 
fscore: 0.072927 
Top 58 hit: 11
=========================================
For top 59 
Precision: 0.050847 
Recall: 0.428519 
fscore: 0.074958 
Top 59 hit: 11
=========================================
For top 60 
Precision: 0.050833 
Recall: 0.429907 
fscore: 0.075047 
Top 60 hit: 11
=========================================
For top 61 
Precision: 0.050000 
Recall: 0.429907 
fscore: 0.074109 
Top 61 hit: 11
=========================================
For top 62 
Precision: 0.049194 
Recall: 0.429907 
fscore: 0.073194 
Top 62 hit: 11
=========================================
For top 63 
Precision: 0.048413 
Recall: 0.429907 
fscore: 0.072303 
Top 63 hit: 11
=========================================
For top 64 
Precision: 0.049219 
Recall: 0.441759 
fscore: 0.073981 
Top 64 hit: 11
=========================================
For top 65 
Precision: 0.050000 
Recall: 0.541759 
fscore: 0.076131 
Top 65 hit: 13
=========================================
For top 66 
Precision: 0.050758 
Recall: 0.555648 
fscore: 0.077635 
Top 66 hit: 13
=========================================
For top 67 
Precision: 0.052239 
Recall: 0.562222 
fscore: 0.079976 
Top 67 hit: 13
=========================================
For top 68 
Precision: 0.051471 
Recall: 0.562222 
fscore: 0.079050 
Top 68 hit: 13
=========================================
For top 69 
Precision: 0.051449 
Recall: 0.612222 
fscore: 0.079574 
Top 69 hit: 14
=========================================
For top 70 
Precision: 0.051429 
Recall: 0.614074 
fscore: 0.079701 
Top 70 hit: 14
=========================================
For top 71 
Precision: 0.052113 
Recall: 0.674074 
fscore: 0.081513 
Top 71 hit: 15
=========================================
For top 72 
Precision: 0.052083 
Recall: 0.724074 
fscore: 0.081973 
Top 72 hit: 16
=========================================
For top 73 
Precision: 0.051370 
Recall: 0.724074 
fscore: 0.081066 
Top 73 hit: 16
=========================================
For top 74 
Precision: 0.051351 
Recall: 0.725463 
fscore: 0.081088 
Top 74 hit: 16
=========================================
For top 75 
Precision: 0.051333 
Recall: 0.726852 
fscore: 0.081114 
Top 75 hit: 16
=========================================
For top 76 
Precision: 0.051974 
Recall: 0.732037 
fscore: 0.082319 
Top 76 hit: 16
=========================================
For top 77 
Precision: 0.051948 
Recall: 0.733889 
fscore: 0.082414 
Top 77 hit: 16
=========================================
For top 78 
Precision: 0.051923 
Recall: 0.783889 
fscore: 0.082822 
Top 78 hit: 17
=========================================
For top 79 
Precision: 0.051266 
Recall: 0.783889 
fscore: 0.081967 
Top 79 hit: 17
=========================================
For top 80 
Precision: 0.051250 
Recall: 0.833889 
fscore: 0.082364 
Top 80 hit: 18
=========================================
For top 81 
Precision: 0.051235 
Recall: 0.837222 
fscore: 0.082570 
Top 81 hit: 18
=========================================
For top 82 
Precision: 0.051220 
Recall: 0.839074 
fscore: 0.082658 
Top 82 hit: 18
=========================================
For top 83 
Precision: 0.050602 
Recall: 0.839074 
fscore: 0.081838 
Top 83 hit: 18
=========================================
For top 84 
Precision: 0.050000 
Recall: 0.839074 
fscore: 0.081034 
Top 84 hit: 18
=========================================
For top 85 
Precision: 0.049412 
Recall: 0.839074 
fscore: 0.080246 
Top 85 hit: 18
=========================================
For top 86 
Precision: 0.048837 
Recall: 0.839074 
fscore: 0.079473 
Top 86 hit: 18
=========================================
For top 87 
Precision: 0.048276 
Recall: 0.839074 
fscore: 0.078715 
Top 87 hit: 18
=========================================
For top 88 
Precision: 0.047727 
Recall: 0.839074 
fscore: 0.077972 
Top 88 hit: 18
=========================================
For top 89 
Precision: 0.047753 
Recall: 0.889074 
fscore: 0.078354 
Top 89 hit: 19
=========================================
For top 90 
Precision: 0.047222 
Recall: 0.889074 
fscore: 0.077626 
Top 90 hit: 19
=========================================
For top 91 
Precision: 0.046703 
Recall: 0.889074 
fscore: 0.076913 
Top 91 hit: 19
=========================================
For top 92 
Precision: 0.047283 
Recall: 0.892315 
fscore: 0.077833 
Top 92 hit: 19
=========================================
For top 93 
Precision: 0.047312 
Recall: 0.893704 
fscore: 0.077908 
Top 93 hit: 19
=========================================
For top 94 
Precision: 0.047340 
Recall: 0.895093 
fscore: 0.077983 
Top 94 hit: 19
=========================================
For top 95 
Precision: 0.046842 
Recall: 0.895093 
fscore: 0.077295 
Top 95 hit: 19
=========================================
For top 96 
Precision: 0.046354 
Recall: 0.895093 
fscore: 0.076620 
Top 96 hit: 19
=========================================
For top 97 
Precision: 0.046392 
Recall: 0.898426 
fscore: 0.076849 
Top 97 hit: 19
=========================================
For top 98 
Precision: 0.045918 
Recall: 0.898426 
fscore: 0.076189 
Top 98 hit: 19
=========================================
For top 99 
Precision: 0.045960 
Recall: 0.899815 
fscore: 0.076282 
Top 99 hit: 19
=========================================
For top 100 
Precision: 0.046500 
Recall: 0.903056 
fscore: 0.077162 
Top 100 hit: 19
=========================================
For top 101 
Precision: 0.046040 
Recall: 0.903056 
fscore: 0.076518 
Top 101 hit: 19
=========================================
For top 102 
Precision: 0.046078 
Recall: 0.919722 
fscore: 0.076838 
Top 102 hit: 19
=========================================
For top 103 
Precision: 0.046117 
Recall: 0.921574 
fscore: 0.076976 
Top 103 hit: 19
=========================================
For top 104 
Precision: 0.046154 
Recall: 0.923426 
fscore: 0.077113 
Top 104 hit: 19
=========================================
For top 105 
Precision: 0.046190 
Recall: 0.926759 
fscore: 0.077324 
Top 105 hit: 19
=========================================
For top 106 
Precision: 0.046698 
Recall: 0.989259 
fscore: 0.078549 
Top 106 hit: 20
=========================================
For top 107 
Precision: 0.046262 
Recall: 0.989259 
fscore: 0.077923 
Top 107 hit: 20
=========================================
For top 108 
Precision: 0.046759 
Recall: 0.993981 
fscore: 0.078815 
Top 108 hit: 20
=========================================
For top 109 
Precision: 0.046330 
Recall: 0.993981 
fscore: 0.078197 
Top 109 hit: 20
=========================================
For top 110 
Precision: 0.045909 
Recall: 0.993981 
fscore: 0.077590 
Top 110 hit: 20
=========================================
For top 111 
Precision: 0.045946 
Recall: 0.995370 
fscore: 0.077672 
Top 111 hit: 20
=========================================
For top 112 
Precision: 0.045982 
Recall: 0.996759 
fscore: 0.077754 
Top 112 hit: 20
=========================================
For top 113 
Precision: 0.045575 
Recall: 0.996759 
fscore: 0.077165 
Top 113 hit: 20
=========================================
For top 114 
Precision: 0.045614 
Recall: 0.998611 
fscore: 0.077294 
Top 114 hit: 20
=========================================
For top 115 
Precision: 0.045652 
Recall: 1.000000 
fscore: 0.077380 
Top 115 hit: 20
=========================================
For top 116 
Precision: 0.045259 
Recall: 1.000000 
fscore: 0.076808 
Top 116 hit: 20
=========================================
For top 117 
Precision: 0.044872 
Recall: 1.000000 
fscore: 0.076245 
Top 117 hit: 20
=========================================
MRR: 0.249917274232 
MAP: 0.1484303003191753 
